0 verbose cli /usr/local/bin/node /usr/local/bin/npm
1 info using npm@8.15.0
2 info using node@v18.7.0
3 timing npm:load:whichnode Completed in 0ms
4 timing config:load:defaults Completed in 1ms
5 timing config:load:file:/usr/local/lib/node_modules/npm/npmrc Completed in 4ms
6 timing config:load:builtin Completed in 4ms
7 timing config:load:cli Completed in 3ms
8 timing config:load:env Completed in 0ms
9 timing config:load:file:/home/elian/.cache/typescript/4.7/.npmrc Completed in 1ms
10 timing config:load:project Completed in 19ms
11 timing config:load:file:/home/elian/.npmrc Completed in 0ms
12 timing config:load:user Completed in 2ms
13 timing config:load:file:/usr/local/etc/npmrc Completed in 0ms
14 timing config:load:global Completed in 2ms
15 timing config:load:validate Completed in 0ms
16 timing config:load:credentials Completed in 1ms
17 timing config:load:setEnvs Completed in 1ms
18 timing config:load Completed in 34ms
19 timing npm:load:configload Completed in 34ms
20 timing npm:load:mkdirpcache Completed in 1ms
21 timing npm:load:mkdirplogs Completed in 1ms
22 verbose title npm install @types/testing-library__jest-dom@ts4.7 @types/react@ts4.7 @types/react-dom@ts4.7
23 verbose argv "install" "--ignore-scripts" "@types/testing-library__jest-dom@ts4.7" "@types/react@ts4.7" "@types/react-dom@ts4.7" "--save-dev" "--user-agent" "typesInstaller/4.7.3"
24 timing npm:load:setTitle Completed in 2ms
25 timing config:load:flatten Completed in 4ms
26 timing npm:load:display Completed in 5ms
27 verbose logfile logs-max:10 dir:/home/elian/.npm/_logs
28 verbose logfile /home/elian/.npm/_logs/2022-08-17T14_03_43_737Z-debug-0.log
29 timing npm:load:logFile Completed in 8ms
30 timing npm:load:timers Completed in 0ms
31 timing npm:load:configScope Completed in 0ms
32 timing npm:load Completed in 53ms
33 timing arborist:ctor Completed in 2ms
34 silly logfile done cleaning log files
35 timing idealTree:init Completed in 48ms
36 timing arborist:ctor Completed in 0ms
37 http fetch GET 200 https://registry.npmjs.org/@types%2freact 102ms (cache hit)
38 http fetch GET 200 https://registry.npmjs.org/@types%2ftesting-library__jest-dom 117ms (cache hit)
39 http fetch GET 200 https://registry.npmjs.org/@types%2freact-dom 116ms (cache hit)
40 timing idealTree:userRequests Completed in 139ms
41 silly idealTree buildDeps
42 silly fetch manifest @types/testing-library__jest-dom@5.14.5
43 silly fetch manifest @types/react@18.0.17
44 silly fetch manifest @types/react-dom@18.0.6
45 silly placeDep ROOT @types/react@18.0.17 OK for:  want: 18.0.17
46 silly placeDep ROOT @types/react-dom@18.0.6 OK for:  want: 18.0.6
47 silly placeDep ROOT @types/testing-library__jest-dom@5.14.5 OK for:  want: 5.14.5
48 silly fetch manifest @types/prop-types@*
49 silly fetch manifest @types/scheduler@*
50 silly fetch manifest csstype@^3.0.2
51 silly fetch manifest @types/jest@*
52 http fetch GET 200 https://registry.npmjs.org/@types%2fprop-types 26ms (cache hit)
53 http fetch GET 200 https://registry.npmjs.org/@types%2fscheduler 28ms (cache hit)
54 http fetch GET 200 https://registry.npmjs.org/csstype 29ms (cache hit)
55 http fetch GET 200 https://registry.npmjs.org/@types%2fjest 29ms (cache hit)
56 timing idealTree:#root Completed in 53ms
57 silly placeDep ROOT @types/prop-types@15.7.5 OK for: @types/react@18.0.17 want: *
58 silly placeDep ROOT @types/scheduler@0.16.2 OK for: @types/react@18.0.17 want: *
59 silly placeDep ROOT csstype@3.1.0 OK for: @types/react@18.0.17 want: ^3.0.2
60 timing idealTree:node_modules/@types/react Completed in 7ms
61 timing idealTree:node_modules/@types/prop-types Completed in 0ms
62 timing idealTree:node_modules/@types/react-dom Completed in 0ms
63 timing idealTree:node_modules/@types/scheduler Completed in 0ms
64 silly placeDep ROOT @types/jest@28.1.7 OK for: @types/testing-library__jest-dom@5.14.5 want: *
65 silly fetch manifest expect@^28.0.0
66 silly fetch manifest pretty-format@^28.0.0
67 http fetch GET 200 https://registry.npmjs.org/expect 22ms (cache hit)
68 http fetch GET 200 https://registry.npmjs.org/pretty-format 27ms (cache hit)
69 timing idealTree:node_modules/@types/testing-library__jest-dom Completed in 35ms
70 silly placeDep ROOT expect@28.1.3 OK for: @types/jest@28.1.7 want: ^28.0.0
71 silly placeDep ROOT pretty-format@28.1.3 OK for: @types/jest@28.1.7 want: ^28.0.0
72 silly fetch manifest @jest/expect-utils@^28.1.3
73 silly fetch manifest jest-get-type@^28.0.2
74 silly fetch manifest jest-matcher-utils@^28.1.3
75 silly fetch manifest jest-message-util@^28.1.3
76 silly fetch manifest jest-util@^28.1.3
77 silly fetch manifest @jest/schemas@^28.1.3
78 silly fetch manifest ansi-regex@^5.0.1
79 silly fetch manifest ansi-styles@^5.0.0
80 silly fetch manifest react-is@^18.0.0
81 http fetch GET 200 https://registry.npmjs.org/jest-message-util 116ms (cache hit)
82 http fetch GET 200 https://registry.npmjs.org/ansi-regex 119ms (cache hit)
83 http fetch GET 200 https://registry.npmjs.org/jest-util 125ms (cache hit)
84 http fetch GET 200 https://registry.npmjs.org/@jest%2fexpect-utils 137ms (cache hit)
85 http fetch GET 200 https://registry.npmjs.org/@jest%2fschemas 133ms (cache hit)
86 http fetch GET 200 https://registry.npmjs.org/jest-matcher-utils 137ms (cache hit)
87 http fetch GET 200 https://registry.npmjs.org/jest-get-type 142ms (cache hit)
88 http fetch GET 200 https://registry.npmjs.org/react-is 140ms (cache hit)
89 http fetch GET 200 https://registry.npmjs.org/ansi-styles 358ms (cache revalidated)
90 timing idealTree:node_modules/@types/jest Completed in 377ms
91 timing idealTree:node_modules/csstype Completed in 0ms
92 silly placeDep ROOT @jest/expect-utils@28.1.3 OK for: expect@28.1.3 want: ^28.1.3
93 silly placeDep ROOT jest-get-type@28.0.2 OK for: expect@28.1.3 want: ^28.0.2
94 silly placeDep ROOT jest-matcher-utils@28.1.3 OK for: expect@28.1.3 want: ^28.1.3
95 silly placeDep ROOT jest-message-util@28.1.3 OK for: expect@28.1.3 want: ^28.1.3
96 silly placeDep ROOT jest-util@28.1.3 OK for: expect@28.1.3 want: ^28.1.3
97 silly fetch manifest chalk@^4.0.0
98 silly fetch manifest jest-diff@^28.1.3
99 silly fetch manifest @babel/code-frame@^7.12.13
100 silly fetch manifest @jest/types@^28.1.3
101 silly fetch manifest @types/stack-utils@^2.0.0
102 silly fetch manifest graceful-fs@^4.2.9
103 silly fetch manifest micromatch@^4.0.4
104 silly fetch manifest slash@^3.0.0
105 silly fetch manifest stack-utils@^2.0.3
106 silly fetch manifest @types/node@*
107 silly fetch manifest ci-info@^3.2.0
108 silly fetch manifest picomatch@^2.2.3
109 http fetch GET 200 https://registry.npmjs.org/slash 90ms (cache hit)
110 http fetch GET 200 https://registry.npmjs.org/micromatch 94ms (cache hit)
111 http fetch GET 200 https://registry.npmjs.org/@babel%2fcode-frame 105ms (cache hit)
112 http fetch GET 200 https://registry.npmjs.org/jest-diff 108ms (cache hit)
113 http fetch GET 200 https://registry.npmjs.org/ci-info 93ms (cache hit)
114 http fetch GET 200 https://registry.npmjs.org/picomatch 83ms (cache hit)
115 http fetch GET 200 https://registry.npmjs.org/stack-utils 100ms (cache hit)
116 http fetch GET 200 https://registry.npmjs.org/@types%2fnode 102ms (cache hit)
117 http fetch GET 200 https://registry.npmjs.org/@types%2fstack-utils 130ms (cache hit)
118 http fetch GET 200 https://registry.npmjs.org/chalk 142ms (cache revalidated)
119 http fetch GET 200 https://registry.npmjs.org/graceful-fs 251ms (cache revalidated)
120 http fetch GET 200 https://registry.npmjs.org/@jest%2ftypes 311ms (cache revalidated)
121 timing idealTree:node_modules/expect Completed in 341ms
122 timing idealTree:node_modules/@jest/expect-utils Completed in 0ms
123 timing idealTree:node_modules/jest-get-type Completed in 0ms
124 silly placeDep ROOT chalk@4.1.2 OK for: jest-matcher-utils@28.1.3 want: ^4.0.0
125 silly placeDep ROOT jest-diff@28.1.3 OK for: jest-matcher-utils@28.1.3 want: ^28.1.3
126 silly fetch manifest ansi-styles@^4.1.0
127 silly fetch manifest supports-color@^7.1.0
128 silly fetch manifest diff-sequences@^28.1.1
129 http fetch GET 200 https://registry.npmjs.org/diff-sequences 28ms (cache hit)
130 http fetch GET 200 https://registry.npmjs.org/supports-color 102ms (cache revalidated)
131 timing idealTree:node_modules/jest-matcher-utils Completed in 119ms
132 silly placeDep ROOT ansi-styles@4.3.0 OK for: chalk@4.1.2 want: ^4.1.0
133 silly placeDep ROOT supports-color@7.2.0 OK for: chalk@4.1.2 want: ^7.1.0
134 silly fetch manifest color-convert@^2.0.1
135 silly fetch manifest has-flag@^4.0.0
136 http fetch GET 200 https://registry.npmjs.org/color-convert 110ms (cache revalidated)
137 http fetch GET 200 https://registry.npmjs.org/has-flag 111ms (cache revalidated)
138 timing idealTree:node_modules/chalk Completed in 125ms
139 silly placeDep ROOT color-convert@2.0.1 OK for: ansi-styles@4.3.0 want: ^2.0.1
140 silly fetch manifest color-name@~1.1.4
141 http fetch GET 200 https://registry.npmjs.org/color-name 89ms (cache revalidated)
142 timing idealTree:node_modules/ansi-styles Completed in 96ms
143 silly placeDep ROOT color-name@1.1.4 OK for: color-convert@2.0.1 want: ~1.1.4
144 timing idealTree:node_modules/color-convert Completed in 5ms
145 timing idealTree:node_modules/color-name Completed in 0ms
146 silly placeDep ROOT diff-sequences@28.1.1 OK for: jest-diff@28.1.3 want: ^28.1.1
147 timing idealTree:node_modules/jest-diff Completed in 3ms
148 timing idealTree:node_modules/diff-sequences Completed in 0ms
149 silly placeDep ROOT @babel/code-frame@7.18.6 OK for: jest-message-util@28.1.3 want: ^7.12.13
150 silly placeDep ROOT @jest/types@28.1.3 OK for: jest-message-util@28.1.3 want: ^28.1.3
151 silly placeDep ROOT @types/stack-utils@2.0.1 OK for: jest-message-util@28.1.3 want: ^2.0.0
152 silly placeDep ROOT graceful-fs@4.2.10 OK for: jest-message-util@28.1.3 want: ^4.2.9
153 silly placeDep ROOT micromatch@4.0.5 OK for: jest-message-util@28.1.3 want: ^4.0.4
154 silly placeDep ROOT slash@3.0.0 OK for: jest-message-util@28.1.3 want: ^3.0.0
155 silly placeDep ROOT stack-utils@2.0.5 OK for: jest-message-util@28.1.3 want: ^2.0.3
156 silly fetch manifest @babel/highlight@^7.18.6
157 silly fetch manifest @types/istanbul-lib-coverage@^2.0.0
158 silly fetch manifest @types/istanbul-reports@^3.0.0
159 silly fetch manifest @types/yargs@^17.0.8
160 silly fetch manifest braces@^3.0.2
161 silly fetch manifest picomatch@^2.3.1
162 silly fetch manifest escape-string-regexp@^2.0.0
163 http fetch GET 200 https://registry.npmjs.org/braces 48ms (cache hit)
164 http fetch GET 200 https://registry.npmjs.org/@types%2fistanbul-lib-coverage 58ms (cache hit)
165 http fetch GET 200 https://registry.npmjs.org/@babel%2fhighlight 61ms (cache hit)
166 http fetch GET 200 https://registry.npmjs.org/@types%2fistanbul-reports 62ms (cache hit)
167 http fetch GET 200 https://registry.npmjs.org/@types%2fyargs 62ms (cache hit)
168 http fetch GET 200 https://registry.npmjs.org/escape-string-regexp 118ms (cache revalidated)
169 timing idealTree:node_modules/jest-message-util Completed in 159ms
170 silly placeDep ROOT @babel/highlight@7.18.6 OK for: @babel/code-frame@7.18.6 want: ^7.18.6
171 silly fetch manifest @babel/helper-validator-identifier@^7.18.6
172 silly fetch manifest chalk@^2.0.0
173 silly fetch manifest js-tokens@^4.0.0
174 http fetch GET 200 https://registry.npmjs.org/@babel%2fhelper-validator-identifier 16ms (cache hit)
175 http fetch GET 200 https://registry.npmjs.org/js-tokens 84ms (cache revalidated)
176 timing idealTree:node_modules/@babel/code-frame Completed in 92ms
177 silly placeDep ROOT @babel/helper-validator-identifier@7.18.6 OK for: @babel/highlight@7.18.6 want: ^7.18.6
178 silly placeDep node_modules/@babel/highlight chalk@2.4.2 OK for: @babel/highlight@7.18.6 want: ^2.0.0
179 silly placeDep ROOT js-tokens@4.0.0 OK for: @babel/highlight@7.18.6 want: ^4.0.0
180 silly fetch manifest ansi-styles@^3.2.1
181 silly fetch manifest escape-string-regexp@^1.0.5
182 silly fetch manifest supports-color@^5.3.0
183 timing idealTree:node_modules/@babel/highlight Completed in 20ms
184 timing idealTree:node_modules/@babel/helper-validator-identifier Completed in 0ms
185 silly placeDep ROOT @jest/schemas@28.1.3 OK for: @jest/types@28.1.3 want: ^28.1.3
186 silly placeDep ROOT @types/istanbul-lib-coverage@2.0.4 OK for: @jest/types@28.1.3 want: ^2.0.0
187 silly placeDep ROOT @types/istanbul-reports@3.0.1 OK for: @jest/types@28.1.3 want: ^3.0.0
188 silly placeDep ROOT @types/node@18.7.6 OK for: @jest/types@28.1.3 want: *
189 silly placeDep ROOT @types/yargs@17.0.11 OK for: @jest/types@28.1.3 want: ^17.0.8
190 silly fetch manifest @sinclair/typebox@^0.24.1
191 silly fetch manifest @types/istanbul-lib-report@*
192 silly fetch manifest @types/yargs-parser@*
193 http fetch GET 200 https://registry.npmjs.org/@types%2fyargs-parser 25ms (cache hit)
194 http fetch GET 200 https://registry.npmjs.org/@sinclair%2ftypebox 37ms (cache hit)
195 http fetch GET 200 https://registry.npmjs.org/@types%2fistanbul-lib-report 37ms (cache hit)
196 timing idealTree:node_modules/@jest/types Completed in 57ms
197 silly placeDep ROOT @sinclair/typebox@0.24.28 OK for: @jest/schemas@28.1.3 want: ^0.24.1
198 timing idealTree:node_modules/@jest/schemas Completed in 3ms
199 timing idealTree:node_modules/@sinclair/typebox Completed in 0ms
200 timing idealTree:node_modules/@types/istanbul-lib-coverage Completed in 0ms
201 silly placeDep ROOT @types/istanbul-lib-report@3.0.0 OK for: @types/istanbul-reports@3.0.1 want: *
202 timing idealTree:node_modules/@types/istanbul-reports Completed in 2ms
203 timing idealTree:node_modules/@types/istanbul-lib-report Completed in 0ms
204 timing idealTree:node_modules/@types/node Completed in 0ms
205 timing idealTree:node_modules/@types/stack-utils Completed in 0ms
206 silly placeDep ROOT @types/yargs-parser@21.0.0 OK for: @types/yargs@17.0.11 want: *
207 timing idealTree:node_modules/@types/yargs Completed in 3ms
208 timing idealTree:node_modules/@types/yargs-parser Completed in 0ms
209 timing idealTree:node_modules/graceful-fs Completed in 1ms
210 silly placeDep ROOT ci-info@3.3.2 OK for: jest-util@28.1.3 want: ^3.2.0
211 silly placeDep ROOT picomatch@2.3.1 OK for: jest-util@28.1.3 want: ^2.2.3
212 timing idealTree:node_modules/jest-util Completed in 4ms
213 timing idealTree:node_modules/ci-info Completed in 0ms
214 timing idealTree:node_modules/js-tokens Completed in 0ms
215 silly placeDep ROOT braces@3.0.2 OK for: micromatch@4.0.5 want: ^3.0.2
216 silly fetch manifest fill-range@^7.0.1
217 http fetch GET 200 https://registry.npmjs.org/fill-range 12ms (cache hit)
218 timing idealTree:node_modules/micromatch Completed in 16ms
219 silly placeDep ROOT fill-range@7.0.1 OK for: braces@3.0.2 want: ^7.0.1
220 silly fetch manifest to-regex-range@^5.0.1
221 http fetch GET 200 https://registry.npmjs.org/to-regex-range 11ms (cache hit)
222 timing idealTree:node_modules/braces Completed in 14ms
223 silly placeDep ROOT to-regex-range@5.0.1 OK for: fill-range@7.0.1 want: ^5.0.1
224 silly fetch manifest is-number@^7.0.0
225 http fetch GET 200 https://registry.npmjs.org/is-number 9ms (cache hit)
226 timing idealTree:node_modules/fill-range Completed in 12ms
227 timing idealTree:node_modules/picomatch Completed in 0ms
228 silly placeDep ROOT ansi-regex@5.0.1 OK for: pretty-format@28.1.3 want: ^5.0.1
229 silly placeDep node_modules/pretty-format ansi-styles@5.2.0 OK for: pretty-format@28.1.3 want: ^5.0.0
230 silly placeDep ROOT react-is@18.2.0 OK for: pretty-format@28.1.3 want: ^18.0.0
231 timing idealTree:node_modules/pretty-format Completed in 6ms
232 timing idealTree:node_modules/ansi-regex Completed in 0ms
233 timing idealTree:node_modules/react-is Completed in 0ms
234 timing idealTree:node_modules/slash Completed in 0ms
235 silly placeDep ROOT escape-string-regexp@2.0.0 OK for: stack-utils@2.0.5 want: ^2.0.0
236 timing idealTree:node_modules/stack-utils Completed in 2ms
237 timing idealTree:node_modules/escape-string-regexp Completed in 0ms
238 silly placeDep ROOT has-flag@4.0.0 OK for: supports-color@7.2.0 want: ^4.0.0
239 timing idealTree:node_modules/supports-color Completed in 4ms
240 timing idealTree:node_modules/has-flag Completed in 0ms
241 silly placeDep ROOT is-number@7.0.0 OK for: to-regex-range@5.0.1 want: ^7.0.0
242 timing idealTree:node_modules/to-regex-range Completed in 2ms
243 timing idealTree:node_modules/is-number Completed in 0ms
244 silly placeDep node_modules/@babel/highlight ansi-styles@3.2.1 OK for: chalk@2.4.2 want: ^3.2.1
245 silly placeDep node_modules/@babel/highlight escape-string-regexp@1.0.5 OK for: chalk@2.4.2 want: ^1.0.5
246 silly placeDep node_modules/@babel/highlight supports-color@5.5.0 OK for: chalk@2.4.2 want: ^5.3.0
247 silly fetch manifest color-convert@^1.9.0
248 silly fetch manifest has-flag@^3.0.0
249 timing idealTree:node_modules/@babel/highlight/node_modules/chalk Completed in 10ms
250 silly placeDep node_modules/@babel/highlight color-convert@1.9.3 OK for: ansi-styles@3.2.1 want: ^1.9.0
251 silly fetch manifest color-name@1.1.3
252 timing idealTree:node_modules/@babel/highlight/node_modules/ansi-styles Completed in 8ms
253 silly placeDep node_modules/@babel/highlight color-name@1.1.3 OK for: color-convert@1.9.3 want: 1.1.3
254 timing idealTree:node_modules/@babel/highlight/node_modules/color-convert Completed in 3ms
255 timing idealTree:node_modules/@babel/highlight/node_modules/color-name Completed in 0ms
256 timing idealTree:node_modules/@babel/highlight/node_modules/escape-string-regexp Completed in 0ms
257 silly placeDep node_modules/@babel/highlight has-flag@3.0.0 OK for: supports-color@5.5.0 want: ^3.0.0
258 timing idealTree:node_modules/@babel/highlight/node_modules/supports-color Completed in 2ms
259 timing idealTree:node_modules/@babel/highlight/node_modules/has-flag Completed in 0ms
260 timing idealTree:node_modules/pretty-format/node_modules/ansi-styles Completed in 0ms
261 timing idealTree:buildDeps Completed in 1601ms
262 timing idealTree:fixDepFlags Completed in 2ms
263 timing idealTree Completed in 1802ms
264 timing reify:loadTrees Completed in 1803ms
265 timing reify:diffTrees Completed in 5ms
266 silly reify moves {}
267 timing reify:retireShallow Completed in 2ms
268 timing reify:createSparse Completed in 33ms
269 timing reify:loadBundles Completed in 0ms
270 silly audit bulk request {
270 silly audit   'types-registry': [ '0.1.605' ],
270 silly audit   '@types/react': [ '18.0.17' ],
270 silly audit   '@types/react-dom': [ '18.0.6' ],
270 silly audit   '@types/testing-library__jest-dom': [ '5.14.5' ],
270 silly audit   '@types/prop-types': [ '15.7.5' ],
270 silly audit   '@types/scheduler': [ '0.16.2' ],
270 silly audit   csstype: [ '3.1.0' ],
270 silly audit   '@types/jest': [ '28.1.7' ],
270 silly audit   expect: [ '28.1.3' ],
270 silly audit   'pretty-format': [ '28.1.3' ],
270 silly audit   '@jest/expect-utils': [ '28.1.3' ],
270 silly audit   'jest-get-type': [ '28.0.2' ],
270 silly audit   'jest-matcher-utils': [ '28.1.3' ],
270 silly audit   'jest-message-util': [ '28.1.3' ],
270 silly audit   'jest-util': [ '28.1.3' ],
270 silly audit   chalk: [ '4.1.2', '2.4.2' ],
270 silly audit   'jest-diff': [ '28.1.3' ],
270 silly audit   'ansi-styles': [ '4.3.0', '5.2.0', '3.2.1' ],
270 silly audit   'supports-color': [ '7.2.0', '5.5.0' ],
270 silly audit   'color-convert': [ '2.0.1', '1.9.3' ],
270 silly audit   'color-name': [ '1.1.4', '1.1.3' ],
270 silly audit   'diff-sequences': [ '28.1.1' ],
270 silly audit   '@babel/code-frame': [ '7.18.6' ],
270 silly audit   '@jest/types': [ '28.1.3' ],
270 silly audit   '@types/stack-utils': [ '2.0.1' ],
270 silly audit   'graceful-fs': [ '4.2.10' ],
270 silly audit   micromatch: [ '4.0.5' ],
270 silly audit   slash: [ '3.0.0' ],
270 silly audit   'stack-utils': [ '2.0.5' ],
270 silly audit   '@babel/highlight': [ '7.18.6' ],
270 silly audit   '@babel/helper-validator-identifier': [ '7.18.6' ],
270 silly audit   'js-tokens': [ '4.0.0' ],
270 silly audit   '@jest/schemas': [ '28.1.3' ],
270 silly audit   '@types/istanbul-lib-coverage': [ '2.0.4' ],
270 silly audit   '@types/istanbul-reports': [ '3.0.1' ],
270 silly audit   '@types/node': [ '18.7.6' ],
270 silly audit   '@types/yargs': [ '17.0.11' ],
270 silly audit   '@sinclair/typebox': [ '0.24.28' ],
270 silly audit   '@types/istanbul-lib-report': [ '3.0.0' ],
270 silly audit   '@types/yargs-parser': [ '21.0.0' ],
270 silly audit   'ci-info': [ '3.3.2' ],
270 silly audit   picomatch: [ '2.3.1' ],
270 silly audit   braces: [ '3.0.2' ],
270 silly audit   'fill-range': [ '7.0.1' ],
270 silly audit   'to-regex-range': [ '5.0.1' ],
270 silly audit   'ansi-regex': [ '5.0.1' ],
270 silly audit   'react-is': [ '18.2.0' ],
270 silly audit   'escape-string-regexp': [ '2.0.0', '1.0.5' ],
270 silly audit   'has-flag': [ '4.0.0', '3.0.0' ],
270 silly audit   'is-number': [ '7.0.0' ]
270 silly audit }
271 http fetch POST 200 https://registry.npmjs.org/-/npm/v1/security/advisories/bulk 392ms
272 timing auditReport:getReport Completed in 399ms
273 silly audit report {}
274 timing auditReport:init Completed in 0ms
275 timing reify:audit Completed in 400ms
276 timing reifyNode:node_modules/is-number Completed in 513ms
277 timing reifyNode:node_modules/@types/yargs-parser Completed in 513ms
278 timing reifyNode:node_modules/@types/istanbul-lib-report Completed in 514ms
279 timing reifyNode:node_modules/@types/istanbul-reports Completed in 515ms
280 timing reifyNode:node_modules/@types/istanbul-lib-coverage Completed in 515ms
281 timing reifyNode:node_modules/@types/stack-utils Completed in 516ms
282 timing reifyNode:node_modules/color-name Completed in 517ms
283 timing reifyNode:node_modules/@types/prop-types Completed in 524ms
284 timing reifyNode:node_modules/@babel/highlight/node_modules/has-flag Completed in 528ms
285 timing reifyNode:node_modules/@babel/highlight/node_modules/escape-string-regexp Completed in 528ms
286 timing reifyNode:node_modules/@babel/highlight/node_modules/ansi-styles Completed in 528ms
287 timing reifyNode:node_modules/has-flag Completed in 531ms
288 timing reifyNode:node_modules/fill-range Completed in 531ms
289 timing reifyNode:node_modules/escape-string-regexp Completed in 531ms
290 timing reifyNode:node_modules/to-regex-range Completed in 531ms
291 timing reifyNode:node_modules/ansi-regex Completed in 532ms
292 timing reifyNode:node_modules/stack-utils Completed in 531ms
293 timing reifyNode:node_modules/slash Completed in 531ms
294 timing reifyNode:node_modules/@babel/code-frame Completed in 532ms
295 timing reifyNode:node_modules/@babel/highlight Completed in 533ms
296 timing reifyNode:node_modules/supports-color Completed in 534ms
297 timing reifyNode:node_modules/jest-get-type Completed in 535ms
298 timing reifyNode:node_modules/@types/scheduler Completed in 540ms
299 timing reifyNode:node_modules/@babel/highlight/node_modules/supports-color Completed in 542ms
300 timing reifyNode:node_modules/@jest/schemas Completed in 546ms
301 timing reifyNode:node_modules/js-tokens Completed in 547ms
302 timing reifyNode:node_modules/micromatch Completed in 546ms
303 timing reifyNode:node_modules/ansi-styles Completed in 548ms
304 timing reifyNode:node_modules/jest-message-util Completed in 548ms
305 timing reifyNode:node_modules/pretty-format/node_modules/ansi-styles Completed in 550ms
306 timing reifyNode:node_modules/@types/testing-library__jest-dom Completed in 562ms
307 timing reifyNode:node_modules/@babel/highlight/node_modules/color-name Completed in 565ms
308 timing reifyNode:node_modules/graceful-fs Completed in 568ms
309 timing reifyNode:node_modules/@types/jest Completed in 572ms
310 timing reifyNode:node_modules/ci-info Completed in 576ms
311 timing reifyNode:node_modules/@babel/helper-validator-identifier Completed in 577ms
312 timing reifyNode:node_modules/color-convert Completed in 577ms
313 timing reifyNode:node_modules/@babel/highlight/node_modules/color-convert Completed in 580ms
314 timing reifyNode:node_modules/jest-matcher-utils Completed in 584ms
315 timing reifyNode:node_modules/@babel/highlight/node_modules/chalk Completed in 587ms
316 timing reifyNode:node_modules/diff-sequences Completed in 591ms
317 timing reifyNode:node_modules/chalk Completed in 591ms
318 timing reifyNode:node_modules/@jest/expect-utils Completed in 592ms
319 timing reifyNode:node_modules/react-is Completed in 597ms
320 timing reifyNode:node_modules/@jest/types Completed in 599ms
321 timing reifyNode:node_modules/@types/react-dom Completed in 600ms
322 timing reifyNode:node_modules/braces Completed in 608ms
323 timing reifyNode:node_modules/@types/yargs Completed in 610ms
324 timing reifyNode:node_modules/picomatch Completed in 613ms
325 timing reifyNode:node_modules/@types/react Completed in 625ms
326 timing reifyNode:node_modules/jest-diff Completed in 628ms
327 timing reifyNode:node_modules/jest-util Completed in 633ms
328 timing reifyNode:node_modules/expect Completed in 634ms
329 timing reifyNode:node_modules/pretty-format Completed in 634ms
330 timing reifyNode:node_modules/@sinclair/typebox Completed in 651ms
331 timing reifyNode:node_modules/csstype Completed in 657ms
332 timing reifyNode:node_modules/@types/node Completed in 696ms
333 timing reify:unpack Completed in 698ms
334 timing reify:unretire Completed in 0ms
335 timing build:queue Completed in 5ms
336 timing build:deps Completed in 5ms
337 timing build Completed in 5ms
338 timing reify:build Completed in 6ms
339 timing reify:trash Completed in 0ms
340 timing reify:save Completed in 35ms
341 timing reify Completed in 2627ms
342 silly ADD node_modules/is-number
343 silly ADD node_modules/has-flag
344 silly ADD node_modules/escape-string-regexp
345 silly ADD node_modules/react-is
346 silly ADD node_modules/ansi-regex
347 silly ADD node_modules/to-regex-range
348 silly ADD node_modules/fill-range
349 silly ADD node_modules/braces
350 silly ADD node_modules/picomatch
351 silly ADD node_modules/ci-info
352 silly ADD node_modules/@types/yargs-parser
353 silly ADD node_modules/@types/istanbul-lib-report
354 silly ADD node_modules/@sinclair/typebox
355 silly ADD node_modules/@types/yargs
356 silly ADD node_modules/@types/node
357 silly ADD node_modules/@types/istanbul-reports
358 silly ADD node_modules/@types/istanbul-lib-coverage
359 silly ADD node_modules/@jest/schemas
360 silly ADD node_modules/js-tokens
361 silly ADD node_modules/@babel/helper-validator-identifier
362 silly ADD node_modules/@babel/highlight
363 silly ADD node_modules/@babel/highlight/node_modules/has-flag
364 silly ADD node_modules/@babel/highlight/node_modules/color-name
365 silly ADD node_modules/@babel/highlight/node_modules/color-convert
366 silly ADD node_modules/@babel/highlight/node_modules/supports-color
367 silly ADD node_modules/@babel/highlight/node_modules/escape-string-regexp
368 silly ADD node_modules/@babel/highlight/node_modules/ansi-styles
369 silly ADD node_modules/@babel/highlight/node_modules/chalk
370 silly ADD node_modules/stack-utils
371 silly ADD node_modules/slash
372 silly ADD node_modules/micromatch
373 silly ADD node_modules/graceful-fs
374 silly ADD node_modules/@types/stack-utils
375 silly ADD node_modules/@jest/types
376 silly ADD node_modules/@babel/code-frame
377 silly ADD node_modules/diff-sequences
378 silly ADD node_modules/color-name
379 silly ADD node_modules/color-convert
380 silly ADD node_modules/supports-color
381 silly ADD node_modules/ansi-styles
382 silly ADD node_modules/jest-diff
383 silly ADD node_modules/chalk
384 silly ADD node_modules/jest-util
385 silly ADD node_modules/jest-message-util
386 silly ADD node_modules/jest-matcher-utils
387 silly ADD node_modules/jest-get-type
388 silly ADD node_modules/@jest/expect-utils
389 silly ADD node_modules/pretty-format
390 silly ADD node_modules/pretty-format/node_modules/ansi-styles
391 silly ADD node_modules/expect
392 silly ADD node_modules/@types/jest
393 silly ADD node_modules/csstype
394 silly ADD node_modules/@types/scheduler
395 silly ADD node_modules/@types/prop-types
396 silly ADD node_modules/@types/testing-library__jest-dom
397 silly ADD node_modules/@types/react-dom
398 silly ADD node_modules/@types/react
399 timing command:install Completed in 2641ms
400 verbose exit 0
401 timing npm Completed in 2822ms
402 info ok
