0 verbose cli /usr/local/bin/node /usr/local/bin/npm
1 info using npm@8.15.0
2 info using node@v18.7.0
3 timing npm:load:whichnode Completed in 0ms
4 timing config:load:defaults Completed in 3ms
5 timing config:load:file:/usr/local/lib/node_modules/npm/npmrc Completed in 2ms
6 timing config:load:builtin Completed in 2ms
7 timing config:load:cli Completed in 4ms
8 timing config:load:env Completed in 1ms
9 timing config:load:file:/home/elian/.cache/typescript/4.7/.npmrc Completed in 3ms
10 timing config:load:project Completed in 21ms
11 timing config:load:file:/home/elian/.npmrc Completed in 0ms
12 timing config:load:user Completed in 2ms
13 timing config:load:file:/usr/local/etc/npmrc Completed in 1ms
14 timing config:load:global Completed in 1ms
15 timing config:load:validate Completed in 0ms
16 timing config:load:credentials Completed in 2ms
17 timing config:load:setEnvs Completed in 2ms
18 timing config:load Completed in 39ms
19 timing npm:load:configload Completed in 39ms
20 timing npm:load:mkdirpcache Completed in 2ms
21 timing npm:load:mkdirplogs Completed in 1ms
22 verbose title npm install types-registry@latest
23 verbose argv "install" "--ignore-scripts" "types-registry@latest"
24 timing npm:load:setTitle Completed in 5ms
25 timing config:load:flatten Completed in 8ms
26 timing npm:load:display Completed in 11ms
27 verbose logfile logs-max:10 dir:/home/elian/.npm/_logs
28 verbose logfile /home/elian/.npm/_logs/2022-08-17T14_03_38_916Z-debug-0.log
29 timing npm:load:logFile Completed in 15ms
30 timing npm:load:timers Completed in 0ms
31 timing npm:load:configScope Completed in 0ms
32 timing npm:load Completed in 76ms
33 timing arborist:ctor Completed in 2ms
34 silly logfile done cleaning log files
35 timing arborist:ctor Completed in 1ms
36 timing idealTree:init Completed in 30ms
37 http fetch GET 200 https://registry.npmjs.org/types-registry 600ms (cache miss)
38 timing idealTree:userRequests Completed in 618ms
39 silly idealTree buildDeps
40 silly fetch manifest types-registry@0.1.605
41 silly placeDep ROOT types-registry@0.1.605 OK for:  want: 0.1.605
42 timing idealTree:#root Completed in 20ms
43 timing idealTree:node_modules/types-registry Completed in 0ms
44 timing idealTree:buildDeps Completed in 23ms
45 timing idealTree:fixDepFlags Completed in 1ms
46 timing idealTree Completed in 675ms
47 timing reify:loadTrees Completed in 677ms
48 timing reify:diffTrees Completed in 1ms
49 silly reify moves {}
50 timing reify:retireShallow Completed in 1ms
51 timing reify:createSparse Completed in 2ms
52 timing reify:loadBundles Completed in 0ms
53 silly audit bulk request { 'types-registry': [ '0.1.605' ] }
54 silly tarball no local data for types-registry@https://registry.npmjs.org/types-registry/-/types-registry-0.1.605.tgz. Extracting by manifest.
55 http fetch POST 200 https://registry.npmjs.org/-/npm/v1/security/advisories/bulk 233ms
56 timing auditReport:getReport Completed in 236ms
57 silly audit report {}
58 timing auditReport:init Completed in 0ms
59 timing reify:audit Completed in 238ms
60 http fetch GET 200 https://registry.npmjs.org/types-registry/-/types-registry-0.1.605.tgz 367ms (cache miss)
61 timing reifyNode:node_modules/types-registry Completed in 385ms
62 timing reify:unpack Completed in 386ms
63 timing reify:unretire Completed in 0ms
64 timing build:queue Completed in 1ms
65 timing build:deps Completed in 1ms
66 timing build Completed in 2ms
67 timing reify:build Completed in 3ms
68 timing reify:trash Completed in 0ms
69 timing reify:save Completed in 9ms
70 timing reify Completed in 1100ms
71 silly ADD node_modules/types-registry
72 timing command:install Completed in 1110ms
73 verbose exit 0
74 timing npm Completed in 1332ms
75 info ok
