0 verbose cli /usr/local/bin/node /usr/local/bin/npm
1 info using npm@8.15.0
2 info using node@v18.7.0
3 timing npm:load:whichnode Completed in 1ms
4 timing config:load:defaults Completed in 2ms
5 timing config:load:file:/usr/local/lib/node_modules/npm/npmrc Completed in 2ms
6 timing config:load:builtin Completed in 2ms
7 timing config:load:cli Completed in 3ms
8 timing config:load:env Completed in 1ms
9 timing config:load:file:/home/elian/PersonalProjects}/test/.npmrc Completed in 1ms
10 timing config:load:project Completed in 27ms
11 timing config:load:file:/home/elian/.npmrc Completed in 0ms
12 timing config:load:user Completed in 1ms
13 timing config:load:file:/usr/local/etc/npmrc Completed in 0ms
14 timing config:load:global Completed in 0ms
15 timing config:load:validate Completed in 1ms
16 timing config:load:credentials Completed in 2ms
17 timing config:load:setEnvs Completed in 1ms
18 timing config:load Completed in 41ms
19 timing npm:load:configload Completed in 41ms
20 timing npm:load:mkdirpcache Completed in 2ms
21 timing npm:load:mkdirplogs Completed in 1ms
22 verbose title npm install @testing-library/jest-dom@^5.14.1 @testing-library/react@^13.0.0 @testing-library/user-event@^13.2.1 web-vitals@^2.1.0
23 verbose argv "install" "--no-audit" "--save" "@testing-library/jest-dom@^5.14.1" "@testing-library/react@^13.0.0" "@testing-library/user-event@^13.2.1" "web-vitals@^2.1.0"
24 timing npm:load:setTitle Completed in 3ms
25 timing config:load:flatten Completed in 5ms
26 timing npm:load:display Completed in 7ms
27 verbose logfile logs-max:10 dir:/home/elian/.npm/_logs
28 verbose logfile /home/elian/.npm/_logs/2022-08-17T14_01_03_225Z-debug-0.log
29 timing npm:load:logFile Completed in 12ms
30 timing npm:load:timers Completed in 0ms
31 timing npm:load:configScope Completed in 0ms
32 timing npm:load Completed in 68ms
33 timing arborist:ctor Completed in 1ms
34 silly logfile done cleaning log files
35 timing idealTree:init Completed in 2111ms
36 timing idealTree:userRequests Completed in 5ms
37 silly idealTree buildDeps
38 silly fetch manifest @testing-library/jest-dom@^5.14.1
39 timing arborist:ctor Completed in 1ms
40 http fetch GET 200 https://registry.npmjs.org/@testing-library%2fjest-dom 2984ms (cache miss)
41 silly fetch manifest @testing-library/react@^13.0.0
42 http fetch GET 200 https://registry.npmjs.org/@testing-library%2freact 493ms (cache miss)
43 silly fetch manifest react@^18.2.0
44 http fetch GET 200 https://registry.npmjs.org/react 37ms (cache hit)
45 silly fetch manifest react-dom@^18.2.0
46 http fetch GET 200 https://registry.npmjs.org/react-dom 17ms (cache hit)
47 silly fetch manifest @testing-library/user-event@^13.2.1
48 http fetch GET 200 https://registry.npmjs.org/@testing-library%2fuser-event 1034ms (cache miss)
49 silly fetch manifest @testing-library/dom@>=7.21.4
50 http fetch GET 200 https://registry.npmjs.org/@testing-library%2fdom 466ms (cache miss)
51 silly fetch manifest web-vitals@^2.1.0
52 http fetch GET 200 https://registry.npmjs.org/web-vitals 102ms (cache miss)
53 silly placeDep ROOT @testing-library/jest-dom@5.16.5 OK for: test@0.1.0 want: ^5.14.1
54 silly placeDep ROOT @testing-library/react@13.3.0 OK for: test@0.1.0 want: ^13.0.0
55 silly placeDep ROOT @testing-library/user-event@13.5.0 OK for: test@0.1.0 want: ^13.2.1
56 silly placeDep ROOT @testing-library/dom@8.17.1 OK for: @testing-library/user-event@13.5.0 want: >=7.21.4
57 silly placeDep ROOT web-vitals@2.1.4 OK for: test@0.1.0 want: ^2.1.0
58 silly fetch manifest @types/testing-library__jest-dom@^5.9.1
59 silly fetch manifest aria-query@^5.0.0
60 silly fetch manifest chalk@^3.0.0
61 silly fetch manifest @adobe/css-tools@^4.0.1
62 silly fetch manifest css.escape@^1.5.1
63 silly fetch manifest dom-accessibility-api@^0.5.6
64 silly fetch manifest redent@^3.0.0
65 silly fetch manifest @types/react-dom@^18.0.0
66 silly fetch manifest @types/aria-query@^4.2.0
67 silly fetch manifest chalk@^4.1.0
68 silly fetch manifest dom-accessibility-api@^0.5.9
69 silly fetch manifest lz-string@^1.4.4
70 http fetch GET 200 https://registry.npmjs.org/chalk 113ms (cache hit)
71 http fetch GET 200 https://registry.npmjs.org/aria-query 119ms (cache hit)
72 http fetch GET 200 https://registry.npmjs.org/chalk 105ms (cache hit)
73 http fetch GET 200 https://registry.npmjs.org/@types%2ftesting-library__jest-dom 134ms (cache miss)
74 http fetch GET 200 https://registry.npmjs.org/redent 247ms (cache miss)
75 http fetch GET 200 https://registry.npmjs.org/lz-string 246ms (cache miss)
76 http fetch GET 200 https://registry.npmjs.org/@types%2faria-query 250ms (cache miss)
77 http fetch GET 200 https://registry.npmjs.org/@types%2freact-dom 274ms (cache miss)
78 http fetch GET 200 https://registry.npmjs.org/css.escape 309ms (cache miss)
79 http fetch GET 200 https://registry.npmjs.org/@adobe%2fcss-tools 356ms (cache miss)
80 http fetch GET 200 https://registry.npmjs.org/dom-accessibility-api 365ms (cache miss)
81 http fetch GET 200 https://registry.npmjs.org/dom-accessibility-api 1129ms (cache miss)
82 timing idealTree:#root Completed in 6397ms
83 silly placeDep ROOT @types/aria-query@4.2.2 OK for: @testing-library/dom@8.17.1 want: ^4.2.0
84 silly placeDep node_modules/@testing-library/dom aria-query@5.0.0 OK for: @testing-library/dom@8.17.1 want: ^5.0.0
85 silly placeDep node_modules/@testing-library/dom chalk@4.1.2 OK for: @testing-library/dom@8.17.1 want: ^4.1.0
86 silly placeDep ROOT dom-accessibility-api@0.5.14 OK for: @testing-library/dom@8.17.1 want: ^0.5.9
87 silly placeDep ROOT lz-string@1.4.4 OK for: @testing-library/dom@8.17.1 want: ^1.4.4
88 silly fetch manifest ansi-styles@^4.1.0
89 silly fetch manifest supports-color@^7.1.0
90 http fetch GET 200 https://registry.npmjs.org/ansi-styles 20ms (cache hit)
91 http fetch GET 200 https://registry.npmjs.org/supports-color 22ms (cache hit)
92 timing idealTree:node_modules/@testing-library/dom Completed in 52ms
93 silly placeDep ROOT @adobe/css-tools@4.0.1 OK for: @testing-library/jest-dom@5.16.5 want: ^4.0.1
94 silly placeDep ROOT @types/testing-library__jest-dom@5.14.5 OK for: @testing-library/jest-dom@5.16.5 want: ^5.9.1
95 silly placeDep node_modules/@testing-library/jest-dom aria-query@5.0.0 OK for: @testing-library/jest-dom@5.16.5 want: ^5.0.0
96 silly placeDep node_modules/@testing-library/jest-dom chalk@3.0.0 OK for: @testing-library/jest-dom@5.16.5 want: ^3.0.0
97 silly placeDep ROOT css.escape@1.5.1 OK for: @testing-library/jest-dom@5.16.5 want: ^1.5.1
98 silly placeDep ROOT redent@3.0.0 OK for: @testing-library/jest-dom@5.16.5 want: ^3.0.0
99 silly fetch manifest @types/jest@*
100 silly fetch manifest indent-string@^4.0.0
101 silly fetch manifest strip-indent@^3.0.0
102 http fetch GET 200 https://registry.npmjs.org/indent-string 119ms (cache miss)
103 http fetch GET 200 https://registry.npmjs.org/strip-indent 133ms (cache miss)
104 http fetch GET 200 https://registry.npmjs.org/@types%2fjest 201ms (cache miss)
105 timing idealTree:node_modules/@testing-library/jest-dom Completed in 233ms
106 timing idealTree:node_modules/@adobe/css-tools Completed in 0ms
107 silly placeDep ROOT @types/react-dom@18.0.6 OK for: @testing-library/react@13.3.0 want: ^18.0.0
108 silly fetch manifest @types/react@*
109 http fetch GET 200 https://registry.npmjs.org/@types%2freact 142ms (cache miss)
110 timing idealTree:node_modules/@testing-library/react Completed in 155ms
111 timing idealTree:node_modules/@testing-library/user-event Completed in 0ms
112 timing idealTree:node_modules/@types/aria-query Completed in 0ms
113 silly placeDep ROOT @types/react@18.0.17 OK for: @types/react-dom@18.0.6 want: *
114 silly fetch manifest @types/prop-types@*
115 silly fetch manifest @types/scheduler@*
116 silly fetch manifest csstype@^3.0.2
117 http fetch GET 200 https://registry.npmjs.org/@types%2fprop-types 114ms (cache miss)
118 http fetch GET 200 https://registry.npmjs.org/@types%2fscheduler 114ms (cache miss)
119 http fetch GET 200 https://registry.npmjs.org/csstype 166ms (cache miss)
120 timing idealTree:node_modules/@types/react-dom Completed in 179ms
121 silly placeDep ROOT @types/prop-types@15.7.5 OK for: @types/react@18.0.17 want: *
122 silly placeDep ROOT @types/scheduler@0.16.2 OK for: @types/react@18.0.17 want: *
123 silly placeDep ROOT csstype@3.1.0 OK for: @types/react@18.0.17 want: ^3.0.2
124 timing idealTree:node_modules/@types/react Completed in 14ms
125 timing idealTree:node_modules/@types/prop-types Completed in 0ms
126 timing idealTree:node_modules/@types/scheduler Completed in 0ms
127 silly placeDep ROOT @types/jest@28.1.7 OK for: @types/testing-library__jest-dom@5.14.5 want: *
128 silly fetch manifest expect@^28.0.0
129 silly fetch manifest pretty-format@^28.0.0
130 http fetch GET 200 https://registry.npmjs.org/expect 24ms (cache hit)
131 http fetch GET 200 https://registry.npmjs.org/pretty-format 29ms (cache hit)
132 timing idealTree:node_modules/@types/testing-library__jest-dom Completed in 40ms
133 silly placeDep node_modules/@types/jest expect@28.1.3 OK for: @types/jest@28.1.7 want: ^28.0.0
134 silly placeDep node_modules/@types/jest pretty-format@28.1.3 OK for: @types/jest@28.1.7 want: ^28.0.0
135 silly fetch manifest @jest/expect-utils@^28.1.3
136 silly fetch manifest jest-get-type@^28.0.2
137 silly fetch manifest jest-matcher-utils@^28.1.3
138 silly fetch manifest jest-message-util@^28.1.3
139 silly fetch manifest jest-util@^28.1.3
140 silly fetch manifest ansi-styles@^5.0.0
141 silly fetch manifest react-is@^18.0.0
142 http fetch GET 200 https://registry.npmjs.org/jest-get-type 53ms (cache hit)
143 http fetch GET 200 https://registry.npmjs.org/jest-message-util 53ms (cache hit)
144 http fetch GET 200 https://registry.npmjs.org/jest-matcher-utils 57ms (cache hit)
145 http fetch GET 200 https://registry.npmjs.org/jest-util 59ms (cache hit)
146 http fetch GET 200 https://registry.npmjs.org/react-is 64ms (cache hit)
147 http fetch GET 200 https://registry.npmjs.org/@jest%2fexpect-utils 124ms (cache miss)
148 timing idealTree:node_modules/@types/jest Completed in 132ms
149 timing idealTree:node_modules/css.escape Completed in 0ms
150 timing idealTree:node_modules/csstype Completed in 0ms
151 timing idealTree:node_modules/dom-accessibility-api Completed in 0ms
152 timing idealTree:node_modules/lz-string Completed in 0ms
153 silly placeDep ROOT indent-string@4.0.0 OK for: redent@3.0.0 want: ^4.0.0
154 silly placeDep ROOT strip-indent@3.0.0 OK for: redent@3.0.0 want: ^3.0.0
155 silly fetch manifest min-indent@^1.0.0
156 http fetch GET 200 https://registry.npmjs.org/min-indent 76ms (cache miss)
157 timing idealTree:node_modules/redent Completed in 85ms
158 timing idealTree:node_modules/indent-string Completed in 0ms
159 silly placeDep ROOT min-indent@1.0.1 OK for: strip-indent@3.0.0 want: ^1.0.0
160 timing idealTree:node_modules/strip-indent Completed in 4ms
161 timing idealTree:node_modules/min-indent Completed in 0ms
162 timing idealTree:node_modules/web-vitals Completed in 0ms
163 timing idealTree:node_modules/@testing-library/dom/node_modules/aria-query Completed in 0ms
164 silly placeDep node_modules/@testing-library/dom ansi-styles@4.3.0 OK for: chalk@4.1.2 want: ^4.1.0
165 silly placeDep node_modules/@testing-library/dom supports-color@7.2.0 OK for: chalk@4.1.2 want: ^7.1.0
166 silly fetch manifest color-convert@^2.0.1
167 silly fetch manifest has-flag@^4.0.0
168 http fetch GET 200 https://registry.npmjs.org/color-convert 21ms (cache hit)
169 http fetch GET 200 https://registry.npmjs.org/has-flag 20ms (cache hit)
170 timing idealTree:node_modules/@testing-library/dom/node_modules/chalk Completed in 32ms
171 silly placeDep node_modules/@testing-library/dom color-convert@2.0.1 OK for: ansi-styles@4.3.0 want: ^2.0.1
172 silly fetch manifest color-name@~1.1.4
173 http fetch GET 200 https://registry.npmjs.org/color-name 15ms (cache hit)
174 timing idealTree:node_modules/@testing-library/dom/node_modules/ansi-styles Completed in 22ms
175 silly placeDep node_modules/@testing-library/dom color-name@1.1.4 OK for: color-convert@2.0.1 want: ~1.1.4
176 timing idealTree:node_modules/@testing-library/dom/node_modules/color-convert Completed in 5ms
177 timing idealTree:node_modules/@testing-library/dom/node_modules/color-name Completed in 1ms
178 silly placeDep node_modules/@testing-library/dom has-flag@4.0.0 OK for: supports-color@7.2.0 want: ^4.0.0
179 timing idealTree:node_modules/@testing-library/dom/node_modules/supports-color Completed in 3ms
180 timing idealTree:node_modules/@testing-library/dom/node_modules/has-flag Completed in 0ms
181 timing idealTree:node_modules/@testing-library/jest-dom/node_modules/aria-query Completed in 0ms
182 silly placeDep node_modules/@testing-library/jest-dom ansi-styles@4.3.0 OK for: chalk@3.0.0 want: ^4.1.0
183 silly placeDep node_modules/@testing-library/jest-dom supports-color@7.2.0 OK for: chalk@3.0.0 want: ^7.1.0
184 timing idealTree:node_modules/@testing-library/jest-dom/node_modules/chalk Completed in 9ms
185 silly placeDep node_modules/@testing-library/jest-dom color-convert@2.0.1 OK for: ansi-styles@4.3.0 want: ^2.0.1
186 timing idealTree:node_modules/@testing-library/jest-dom/node_modules/ansi-styles Completed in 4ms
187 silly placeDep node_modules/@testing-library/jest-dom color-name@1.1.4 OK for: color-convert@2.0.1 want: ~1.1.4
188 timing idealTree:node_modules/@testing-library/jest-dom/node_modules/color-convert Completed in 4ms
189 timing idealTree:node_modules/@testing-library/jest-dom/node_modules/color-name Completed in 0ms
190 silly placeDep node_modules/@testing-library/jest-dom has-flag@4.0.0 OK for: supports-color@7.2.0 want: ^4.0.0
191 timing idealTree:node_modules/@testing-library/jest-dom/node_modules/supports-color Completed in 3ms
192 timing idealTree:node_modules/@testing-library/jest-dom/node_modules/has-flag Completed in 0ms
193 silly placeDep ROOT @jest/expect-utils@28.1.3 OK for: expect@28.1.3 want: ^28.1.3
194 silly placeDep node_modules/@types/jest jest-get-type@28.0.2 OK for: expect@28.1.3 want: ^28.0.2
195 silly placeDep node_modules/@types/jest jest-matcher-utils@28.1.3 OK for: expect@28.1.3 want: ^28.1.3
196 silly placeDep node_modules/@types/jest jest-message-util@28.1.3 OK for: expect@28.1.3 want: ^28.1.3
197 silly placeDep node_modules/@types/jest jest-util@28.1.3 OK for: expect@28.1.3 want: ^28.1.3
198 silly fetch manifest chalk@^4.0.0
199 silly fetch manifest jest-diff@^28.1.3
200 silly fetch manifest @jest/types@^28.1.3
201 http fetch GET 200 https://registry.npmjs.org/jest-diff 15ms (cache hit)
202 http fetch GET 200 https://registry.npmjs.org/@jest%2ftypes 18ms (cache hit)
203 timing idealTree:node_modules/@types/jest/node_modules/expect Completed in 44ms
204 silly placeDep node_modules/@jest/expect-utils jest-get-type@28.0.2 OK for: @jest/expect-utils@28.1.3 want: ^28.0.2
205 timing idealTree:node_modules/@jest/expect-utils Completed in 1ms
206 timing idealTree:node_modules/@jest/expect-utils/node_modules/jest-get-type Completed in 0ms
207 timing idealTree:node_modules/@types/jest/node_modules/jest-get-type Completed in 0ms
208 silly placeDep node_modules/@types/jest chalk@4.1.2 OK for: jest-matcher-utils@28.1.3 want: ^4.0.0
209 silly placeDep node_modules/@types/jest jest-diff@28.1.3 OK for: jest-matcher-utils@28.1.3 want: ^28.1.3
210 silly fetch manifest diff-sequences@^28.1.1
211 http fetch GET 200 https://registry.npmjs.org/diff-sequences 9ms (cache hit)
212 timing idealTree:node_modules/@types/jest/node_modules/jest-matcher-utils Completed in 18ms
213 silly placeDep node_modules/@types/jest ansi-styles@4.3.0 OK for: chalk@4.1.2 want: ^4.1.0
214 silly placeDep node_modules/@types/jest supports-color@7.2.0 OK for: chalk@4.1.2 want: ^7.1.0
215 timing idealTree:node_modules/@types/jest/node_modules/chalk Completed in 8ms
216 silly placeDep node_modules/@types/jest color-convert@2.0.1 OK for: ansi-styles@4.3.0 want: ^2.0.1
217 timing idealTree:node_modules/@types/jest/node_modules/ansi-styles Completed in 4ms
218 silly placeDep node_modules/@types/jest color-name@1.1.4 OK for: color-convert@2.0.1 want: ~1.1.4
219 timing idealTree:node_modules/@types/jest/node_modules/color-convert Completed in 2ms
220 timing idealTree:node_modules/@types/jest/node_modules/color-name Completed in 0ms
221 silly placeDep node_modules/@types/jest diff-sequences@28.1.1 OK for: jest-diff@28.1.3 want: ^28.1.1
222 timing idealTree:node_modules/@types/jest/node_modules/jest-diff Completed in 2ms
223 timing idealTree:node_modules/@types/jest/node_modules/diff-sequences Completed in 0ms
224 silly placeDep node_modules/@types/jest @jest/types@28.1.3 OK for: jest-message-util@28.1.3 want: ^28.1.3
225 silly fetch manifest @types/yargs@^17.0.8
226 http fetch GET 200 https://registry.npmjs.org/@types%2fyargs 10ms (cache hit)
227 timing idealTree:node_modules/@types/jest/node_modules/jest-message-util Completed in 19ms
228 silly placeDep node_modules/@types/jest @types/yargs@17.0.11 OK for: @jest/types@28.1.3 want: ^17.0.8
229 timing idealTree:node_modules/@types/jest/node_modules/@jest/types Completed in 3ms
230 timing idealTree:node_modules/@types/jest/node_modules/@types/yargs Completed in 0ms
231 timing idealTree:node_modules/@types/jest/node_modules/jest-util Completed in 0ms
232 silly placeDep node_modules/@types/jest/node_modules/pretty-format ansi-styles@5.2.0 OK for: pretty-format@28.1.3 want: ^5.0.0
233 silly placeDep node_modules/@types/jest react-is@18.2.0 OK for: pretty-format@28.1.3 want: ^18.0.0
234 timing idealTree:node_modules/@types/jest/node_modules/pretty-format Completed in 3ms
235 timing idealTree:node_modules/@types/jest/node_modules/react-is Completed in 0ms
236 silly placeDep node_modules/@types/jest has-flag@4.0.0 OK for: supports-color@7.2.0 want: ^4.0.0
237 timing idealTree:node_modules/@types/jest/node_modules/supports-color Completed in 2ms
238 timing idealTree:node_modules/@types/jest/node_modules/has-flag Completed in 0ms
239 timing idealTree:node_modules/@types/jest/node_modules/pretty-format/node_modules/ansi-styles Completed in 0ms
240 timing idealTree:buildDeps Completed in 7496ms
241 timing idealTree:fixDepFlags Completed in 47ms
242 timing idealTree Completed in 9687ms
243 timing reify:loadTrees Completed in 9689ms
244 timing reify:diffTrees Completed in 41ms
245 silly reify moves {}
246 timing reify:retireShallow Completed in 3ms
247 timing reify:createSparse Completed in 37ms
248 timing reify:loadBundles Completed in 0ms
249 verbose reify failed optional dependency /home/elian/PersonalProjects}/test/node_modules/fsevents
250 silly reify mark deleted [ '/home/elian/PersonalProjects}/test/node_modules/fsevents' ]
251 timing reifyNode:node_modules/fsevents Completed in 17ms
252 silly tarball no local data for min-indent@https://registry.npmjs.org/min-indent/-/min-indent-1.0.1.tgz. Extracting by manifest.
253 silly tarball no local data for @jest/expect-utils@https://registry.npmjs.org/@jest/expect-utils/-/expect-utils-28.1.3.tgz. Extracting by manifest.
254 silly tarball no local data for strip-indent@https://registry.npmjs.org/strip-indent/-/strip-indent-3.0.0.tgz. Extracting by manifest.
255 silly tarball no local data for @types/jest@https://registry.npmjs.org/@types/jest/-/jest-28.1.7.tgz. Extracting by manifest.
256 silly tarball no local data for indent-string@https://registry.npmjs.org/indent-string/-/indent-string-4.0.0.tgz. Extracting by manifest.
257 silly tarball no local data for csstype@https://registry.npmjs.org/csstype/-/csstype-3.1.0.tgz. Extracting by manifest.
258 silly tarball no local data for @types/scheduler@https://registry.npmjs.org/@types/scheduler/-/scheduler-0.16.2.tgz. Extracting by manifest.
259 silly tarball no local data for @types/prop-types@https://registry.npmjs.org/@types/prop-types/-/prop-types-15.7.5.tgz. Extracting by manifest.
260 silly tarball no local data for @types/react-dom@https://registry.npmjs.org/@types/react-dom/-/react-dom-18.0.6.tgz. Extracting by manifest.
261 silly tarball no local data for @types/react@https://registry.npmjs.org/@types/react/-/react-18.0.17.tgz. Extracting by manifest.
262 silly tarball no local data for redent@https://registry.npmjs.org/redent/-/redent-3.0.0.tgz. Extracting by manifest.
263 silly tarball no local data for @types/testing-library__jest-dom@https://registry.npmjs.org/@types/testing-library__jest-dom/-/testing-library__jest-dom-5.14.5.tgz. Extracting by manifest.
264 silly tarball no local data for @adobe/css-tools@https://registry.npmjs.org/@adobe/css-tools/-/css-tools-4.0.1.tgz. Extracting by manifest.
265 silly tarball no local data for dom-accessibility-api@https://registry.npmjs.org/dom-accessibility-api/-/dom-accessibility-api-0.5.14.tgz. Extracting by manifest.
266 silly tarball no local data for @types/aria-query@https://registry.npmjs.org/@types/aria-query/-/aria-query-4.2.2.tgz. Extracting by manifest.
267 silly tarball no local data for lz-string@https://registry.npmjs.org/lz-string/-/lz-string-1.4.4.tgz. Extracting by manifest.
268 silly tarball no local data for web-vitals@https://registry.npmjs.org/web-vitals/-/web-vitals-2.1.4.tgz. Extracting by manifest.
269 silly tarball no local data for @testing-library/dom@https://registry.npmjs.org/@testing-library/dom/-/dom-8.17.1.tgz. Extracting by manifest.
270 silly tarball no local data for @testing-library/user-event@https://registry.npmjs.org/@testing-library/user-event/-/user-event-13.5.0.tgz. Extracting by manifest.
271 silly tarball no local data for @testing-library/react@https://registry.npmjs.org/@testing-library/react/-/react-13.3.0.tgz. Extracting by manifest.
272 silly tarball no local data for @testing-library/jest-dom@https://registry.npmjs.org/@testing-library/jest-dom/-/jest-dom-5.16.5.tgz. Extracting by manifest.
273 silly tarball no local data for jest-get-type@https://registry.npmjs.org/jest-get-type/-/jest-get-type-28.0.2.tgz. Extracting by manifest.
274 silly tarball no local data for diff-sequences@https://registry.npmjs.org/diff-sequences/-/diff-sequences-28.1.1.tgz. Extracting by manifest.
275 silly tarball no local data for css.escape@https://registry.npmjs.org/css.escape/-/css.escape-1.5.1.tgz. Extracting by manifest.
276 silly tarball no local data for jest-diff@https://registry.npmjs.org/jest-diff/-/jest-diff-28.1.3.tgz. Extracting by manifest.
277 silly tarball no local data for jest-matcher-utils@https://registry.npmjs.org/jest-matcher-utils/-/jest-matcher-utils-28.1.3.tgz. Extracting by manifest.
278 silly tarball no local data for jest-get-type@https://registry.npmjs.org/jest-get-type/-/jest-get-type-28.0.2.tgz. Extracting by manifest.
279 silly tarball no local data for expect@https://registry.npmjs.org/expect/-/expect-28.1.3.tgz. Extracting by manifest.
280 silly tarball no local data for aria-query@https://registry.npmjs.org/aria-query/-/aria-query-5.0.0.tgz. Extracting by manifest.
281 silly tarball no local data for aria-query@https://registry.npmjs.org/aria-query/-/aria-query-5.0.0.tgz. Extracting by manifest.
282 silly tarball no local data for chalk@https://registry.npmjs.org/chalk/-/chalk-3.0.0.tgz. Extracting by manifest.
283 timing reifyNode:node_modules/@types/jest/node_modules/color-name Completed in 558ms
284 timing reifyNode:node_modules/@testing-library/dom/node_modules/color-name Completed in 561ms
285 timing reifyNode:node_modules/@testing-library/jest-dom/node_modules/color-name Completed in 562ms
286 timing reifyNode:node_modules/@types/jest/node_modules/has-flag Completed in 582ms
287 timing reifyNode:node_modules/@types/jest/node_modules/supports-color Completed in 586ms
288 timing reifyNode:node_modules/@testing-library/dom/node_modules/has-flag Completed in 587ms
289 timing reifyNode:node_modules/@testing-library/dom/node_modules/supports-color Completed in 588ms
290 timing reifyNode:node_modules/@testing-library/jest-dom/node_modules/has-flag Completed in 588ms
291 timing reifyNode:node_modules/@testing-library/jest-dom/node_modules/supports-color Completed in 588ms
292 timing reifyNode:node_modules/@types/jest/node_modules/ansi-styles Completed in 627ms
293 timing reifyNode:node_modules/@types/jest/node_modules/pretty-format/node_modules/ansi-styles Completed in 631ms
294 timing reifyNode:node_modules/@types/jest/node_modules/jest-message-util Completed in 631ms
295 timing reifyNode:node_modules/@testing-library/dom/node_modules/ansi-styles Completed in 631ms
296 timing reifyNode:node_modules/@testing-library/jest-dom/node_modules/ansi-styles Completed in 658ms
297 timing reifyNode:node_modules/@types/jest/node_modules/color-convert Completed in 705ms
298 timing reifyNode:node_modules/@testing-library/dom/node_modules/color-convert Completed in 706ms
299 timing reifyNode:node_modules/@testing-library/jest-dom/node_modules/color-convert Completed in 705ms
300 timing reifyNode:node_modules/@types/jest/node_modules/chalk Completed in 742ms
301 timing reifyNode:node_modules/@testing-library/dom/node_modules/chalk Completed in 751ms
302 timing reifyNode:node_modules/@types/jest/node_modules/react-is Completed in 755ms
303 timing reifyNode:node_modules/@types/jest/node_modules/@jest/types Completed in 767ms
304 http fetch GET 200 https://registry.npmjs.org/min-indent/-/min-indent-1.0.1.tgz 702ms (cache miss)
305 timing reifyNode:node_modules/min-indent Completed in 770ms
306 http fetch GET 200 https://registry.npmjs.org/strip-indent/-/strip-indent-3.0.0.tgz 716ms (cache miss)
307 timing reifyNode:node_modules/strip-indent Completed in 788ms
308 http fetch GET 200 https://registry.npmjs.org/@types/react-dom/-/react-dom-18.0.6.tgz 715ms (cache miss)
309 http fetch GET 200 https://registry.npmjs.org/indent-string/-/indent-string-4.0.0.tgz 723ms (cache miss)
310 timing reifyNode:node_modules/indent-string Completed in 800ms
311 timing reifyNode:node_modules/@types/react-dom Completed in 807ms
312 http fetch GET 200 https://registry.npmjs.org/@jest/expect-utils/-/expect-utils-28.1.3.tgz 748ms (cache miss)
313 timing reifyNode:node_modules/@jest/expect-utils Completed in 818ms
314 http fetch GET 200 https://registry.npmjs.org/@types/scheduler/-/scheduler-0.16.2.tgz 738ms (cache miss)
315 timing reifyNode:node_modules/@types/scheduler Completed in 817ms
316 timing reifyNode:node_modules/@types/jest/node_modules/@types/yargs Completed in 818ms
317 http fetch GET 200 https://registry.npmjs.org/jest-get-type/-/jest-get-type-28.0.2.tgz 711ms (cache miss)
318 timing reifyNode:node_modules/@jest/expect-utils/node_modules/jest-get-type Completed in 829ms
319 http fetch GET 200 https://registry.npmjs.org/redent/-/redent-3.0.0.tgz 750ms (cache miss)
320 timing reifyNode:node_modules/redent Completed in 837ms
321 http fetch GET 200 https://registry.npmjs.org/diff-sequences/-/diff-sequences-28.1.1.tgz 720ms (cache miss)
322 timing reifyNode:node_modules/@types/jest/node_modules/diff-sequences Completed in 841ms
323 http fetch GET 200 https://registry.npmjs.org/css.escape/-/css.escape-1.5.1.tgz 732ms (cache miss)
324 timing reifyNode:node_modules/css.escape Completed in 853ms
325 http fetch GET 200 https://registry.npmjs.org/jest-get-type/-/jest-get-type-28.0.2.tgz 735ms (cache miss)
326 timing reifyNode:node_modules/@types/jest/node_modules/jest-get-type Completed in 864ms
327 http fetch GET 200 https://registry.npmjs.org/jest-matcher-utils/-/jest-matcher-utils-28.1.3.tgz 738ms (cache miss)
328 timing reifyNode:node_modules/@types/jest/node_modules/jest-matcher-utils Completed in 865ms
329 http fetch GET 200 https://registry.npmjs.org/@types/aria-query/-/aria-query-4.2.2.tgz 769ms (cache miss)
330 timing reifyNode:node_modules/@types/aria-query Completed in 871ms
331 http fetch GET 200 https://registry.npmjs.org/@types/prop-types/-/prop-types-15.7.5.tgz 820ms (cache miss)
332 timing reifyNode:node_modules/@types/prop-types Completed in 901ms
333 timing reifyNode:node_modules/@types/jest/node_modules/jest-util Completed in 908ms
334 timing reifyNode:node_modules/@types/jest/node_modules/pretty-format Completed in 915ms
335 http fetch GET 200 https://registry.npmjs.org/@types/testing-library__jest-dom/-/testing-library__jest-dom-5.14.5.tgz 846ms (cache miss)
336 timing reifyNode:node_modules/@types/testing-library__jest-dom Completed in 935ms
337 http fetch GET 200 https://registry.npmjs.org/chalk/-/chalk-3.0.0.tgz 860ms (cache miss)
338 timing reifyNode:node_modules/@testing-library/jest-dom/node_modules/chalk Completed in 1012ms
339 http fetch GET 200 https://registry.npmjs.org/expect/-/expect-28.1.3.tgz 891ms (cache miss)
340 http fetch GET 200 https://registry.npmjs.org/@types/jest/-/jest-28.1.7.tgz 957ms (cache miss)
341 timing reifyNode:node_modules/@types/jest Completed in 1030ms
342 timing reifyNode:node_modules/@types/jest/node_modules/expect Completed in 1032ms
343 http fetch GET 200 https://registry.npmjs.org/lz-string/-/lz-string-1.4.4.tgz 943ms (cache miss)
344 timing reifyNode:node_modules/lz-string Completed in 1046ms
345 http fetch GET 200 https://registry.npmjs.org/@types/react/-/react-18.0.17.tgz 982ms (cache miss)
346 timing reifyNode:node_modules/@types/react Completed in 1067ms
347 http fetch GET 200 https://registry.npmjs.org/jest-diff/-/jest-diff-28.1.3.tgz 971ms (cache miss)
348 timing reifyNode:node_modules/@types/jest/node_modules/jest-diff Completed in 1095ms
349 http fetch GET 200 https://registry.npmjs.org/@testing-library/jest-dom/-/jest-dom-5.16.5.tgz 1021ms (cache miss)
350 timing reifyNode:node_modules/@testing-library/jest-dom Completed in 1135ms
351 http fetch GET 200 https://registry.npmjs.org/@adobe/css-tools/-/css-tools-4.0.1.tgz 1115ms (cache miss)
352 timing reifyNode:node_modules/@adobe/css-tools Completed in 1217ms
353 http fetch GET 200 https://registry.npmjs.org/web-vitals/-/web-vitals-2.1.4.tgz 1170ms (cache miss)
354 timing reifyNode:node_modules/web-vitals Completed in 1284ms
355 http fetch GET 200 https://registry.npmjs.org/csstype/-/csstype-3.1.0.tgz 1255ms (cache miss)
356 timing reifyNode:node_modules/csstype Completed in 1332ms
357 http fetch GET 200 https://registry.npmjs.org/dom-accessibility-api/-/dom-accessibility-api-0.5.14.tgz 1278ms (cache miss)
358 timing reifyNode:node_modules/dom-accessibility-api Completed in 1371ms
359 http fetch GET 200 https://registry.npmjs.org/@testing-library/user-event/-/user-event-13.5.0.tgz 1341ms (cache miss)
360 timing reifyNode:node_modules/@testing-library/user-event Completed in 1450ms
361 http fetch GET 200 https://registry.npmjs.org/@testing-library/dom/-/dom-8.17.1.tgz 1435ms (cache miss)
362 timing reifyNode:node_modules/@testing-library/dom Completed in 1548ms
363 http fetch GET 200 https://registry.npmjs.org/aria-query/-/aria-query-5.0.0.tgz 1499ms (cache miss)
364 timing reifyNode:node_modules/@testing-library/jest-dom/node_modules/aria-query Completed in 1636ms
365 http fetch GET 200 https://registry.npmjs.org/aria-query/-/aria-query-5.0.0.tgz 1515ms (cache miss)
366 timing reifyNode:node_modules/@testing-library/dom/node_modules/aria-query Completed in 1649ms
367 http fetch GET 200 https://registry.npmjs.org/@testing-library/react/-/react-13.3.0.tgz 1572ms (cache miss)
368 timing reifyNode:node_modules/@testing-library/react Completed in 1683ms
369 timing reify:unpack Completed in 1688ms
370 timing reify:unretire Completed in 1ms
371 timing build:queue Completed in 11ms
372 timing build:link:node_modules/lz-string Completed in 6ms
373 timing build:link Completed in 8ms
374 timing build:deps Completed in 21ms
375 timing build Completed in 21ms
376 timing reify:build Completed in 25ms
377 timing reify:trash Completed in 2ms
378 timing reify:save Completed in 546ms
379 timing reify Completed in 12292ms
380 silly ADD node_modules/@jest/expect-utils
381 silly ADD node_modules/@jest/expect-utils/node_modules/jest-get-type
382 silly ADD node_modules/min-indent
383 silly ADD node_modules/strip-indent
384 silly ADD node_modules/indent-string
385 silly ADD node_modules/@types/jest
386 silly ADD node_modules/@types/jest/node_modules/has-flag
387 silly ADD node_modules/@types/jest/node_modules/react-is
388 silly ADD node_modules/@types/jest/node_modules/@types/yargs
389 silly ADD node_modules/@types/jest/node_modules/@jest/types
390 silly ADD node_modules/@types/jest/node_modules/diff-sequences
391 silly ADD node_modules/@types/jest/node_modules/color-name
392 silly ADD node_modules/@types/jest/node_modules/color-convert
393 silly ADD node_modules/@types/jest/node_modules/supports-color
394 silly ADD node_modules/@types/jest/node_modules/ansi-styles
395 silly ADD node_modules/@types/jest/node_modules/jest-diff
396 silly ADD node_modules/@types/jest/node_modules/chalk
397 silly ADD node_modules/@types/jest/node_modules/jest-util
398 silly ADD node_modules/@types/jest/node_modules/jest-message-util
399 silly ADD node_modules/@types/jest/node_modules/jest-matcher-utils
400 silly ADD node_modules/@types/jest/node_modules/jest-get-type
401 silly ADD node_modules/@types/jest/node_modules/pretty-format
402 silly ADD node_modules/@types/jest/node_modules/pretty-format/node_modules/ansi-styles
403 silly ADD node_modules/@types/jest/node_modules/expect
404 silly ADD node_modules/csstype
405 silly ADD node_modules/@types/scheduler
406 silly ADD node_modules/@types/prop-types
407 silly ADD node_modules/@types/react
408 silly ADD node_modules/@types/react-dom
409 silly ADD node_modules/redent
410 silly ADD node_modules/css.escape
411 silly ADD node_modules/@types/testing-library__jest-dom
412 silly ADD node_modules/@adobe/css-tools
413 silly ADD node_modules/lz-string
414 silly ADD node_modules/dom-accessibility-api
415 silly ADD node_modules/@types/aria-query
416 silly ADD node_modules/web-vitals
417 silly ADD node_modules/@testing-library/dom
418 silly ADD node_modules/@testing-library/dom/node_modules/has-flag
419 silly ADD node_modules/@testing-library/dom/node_modules/color-name
420 silly ADD node_modules/@testing-library/dom/node_modules/color-convert
421 silly ADD node_modules/@testing-library/dom/node_modules/supports-color
422 silly ADD node_modules/@testing-library/dom/node_modules/ansi-styles
423 silly ADD node_modules/@testing-library/dom/node_modules/chalk
424 silly ADD node_modules/@testing-library/dom/node_modules/aria-query
425 silly ADD node_modules/@testing-library/user-event
426 silly ADD node_modules/@testing-library/react
427 silly ADD node_modules/@testing-library/jest-dom
428 silly ADD node_modules/@testing-library/jest-dom/node_modules/has-flag
429 silly ADD node_modules/@testing-library/jest-dom/node_modules/color-name
430 silly ADD node_modules/@testing-library/jest-dom/node_modules/color-convert
431 silly ADD node_modules/@testing-library/jest-dom/node_modules/supports-color
432 silly ADD node_modules/@testing-library/jest-dom/node_modules/ansi-styles
433 silly ADD node_modules/@testing-library/jest-dom/node_modules/chalk
434 silly ADD node_modules/@testing-library/jest-dom/node_modules/aria-query
435 silly ADD
436 timing command:install Completed in 12312ms
437 verbose exit 0
438 timing npm Completed in 12475ms
439 info ok
