0 verbose cli /usr/local/bin/node /usr/local/lib/node_modules/npm/bin/npm-cli.js
1 info using npm@8.15.0
2 info using node@v18.7.0
3 timing npm:load:whichnode Completed in 0ms
4 timing config:load:defaults Completed in 2ms
5 timing config:load:file:/usr/local/lib/node_modules/npm/npmrc Completed in 3ms
6 timing config:load:builtin Completed in 4ms
7 timing config:load:cli Completed in 2ms
8 timing config:load:env Completed in 1ms
9 timing config:load:file:/home/elian/PersonalProjects}/.npmrc Completed in 0ms
10 timing config:load:project Completed in 18ms
11 timing config:load:file:/home/elian/.npmrc Completed in 0ms
12 timing config:load:user Completed in 1ms
13 timing config:load:file:/usr/local/etc/npmrc Completed in 0ms
14 timing config:load:global Completed in 0ms
15 timing config:load:validate Completed in 1ms
16 timing config:load:credentials Completed in 2ms
17 timing config:load:setEnvs Completed in 3ms
18 timing config:load Completed in 35ms
19 timing npm:load:configload Completed in 35ms
20 timing npm:load:mkdirpcache Completed in 2ms
21 timing npm:load:mkdirplogs Completed in 1ms
22 verbose title npm exec create-react-app test
23 verbose argv "exec" "--" "create-react-app" "test"
24 timing npm:load:setTitle Completed in 3ms
25 timing config:load:flatten Completed in 5ms
26 timing npm:load:display Completed in 8ms
27 verbose logfile logs-max:10 dir:/home/elian/.npm/_logs
28 verbose logfile /home/elian/.npm/_logs/2022-08-17T13_58_13_462Z-debug-0.log
29 timing npm:load:logFile Completed in 8ms
30 timing npm:load:timers Completed in 0ms
31 timing npm:load:configScope Completed in 0ms
32 timing npm:load Completed in 61ms
33 silly logfile done cleaning log files
34 timing arborist:ctor Completed in 1ms
35 http fetch GET 200 https://registry.npmjs.org/create-react-app 310ms (cache revalidated)
36 timing arborist:ctor Completed in 0ms
37 http fetch GET 200 https://registry.npmjs.org/npm 778ms (cache miss)
38 timing arborist:ctor Completed in 0ms
39 timing idealTree:init Completed in 8ms
40 timing idealTree:userRequests Completed in 5ms
41 silly idealTree buildDeps
42 silly fetch manifest create-react-app@5.0.1
43 http fetch GET 200 https://registry.npmjs.org/create-react-app 11ms (cache hit)
44 silly placeDep ROOT create-react-app@5.0.1 OK for:  want: 5.0.1
45 silly fetch manifest chalk@^4.1.2
46 silly fetch manifest commander@^4.1.1
47 silly fetch manifest cross-spawn@^7.0.3
48 silly fetch manifest envinfo@^7.8.1
49 silly fetch manifest fs-extra@^10.0.0
50 silly fetch manifest hyperquest@^2.1.3
51 silly fetch manifest prompts@^2.4.2
52 silly fetch manifest semver@^7.3.5
53 silly fetch manifest tar-pack@^3.4.1
54 silly fetch manifest tmp@^0.2.1
55 silly fetch manifest validate-npm-package-name@^3.0.0
56 http fetch GET 200 https://registry.npmjs.org/commander 139ms (cache revalidated)
57 http fetch GET 200 https://registry.npmjs.org/cross-spawn 160ms (cache revalidated)
58 http fetch GET 200 https://registry.npmjs.org/fs-extra 260ms (cache revalidated)
59 http fetch GET 200 https://registry.npmjs.org/envinfo 267ms (cache revalidated)
60 http fetch GET 200 https://registry.npmjs.org/tmp 266ms (cache revalidated)
61 http fetch GET 200 https://registry.npmjs.org/prompts 273ms (cache revalidated)
62 http fetch GET 200 https://registry.npmjs.org/validate-npm-package-name 293ms (cache revalidated)
63 http fetch GET 200 https://registry.npmjs.org/semver 306ms (cache revalidated)
64 http fetch GET 200 https://registry.npmjs.org/chalk 318ms (cache revalidated)
65 http fetch GET 200 https://registry.npmjs.org/hyperquest 317ms (cache revalidated)
66 http fetch GET 200 https://registry.npmjs.org/tar-pack 776ms (cache revalidated)
67 timing idealTree:#root Completed in 815ms
68 silly placeDep ROOT chalk@4.1.2 OK for: create-react-app@5.0.1 want: ^4.1.2
69 silly placeDep ROOT commander@4.1.1 OK for: create-react-app@5.0.1 want: ^4.1.1
70 silly placeDep ROOT cross-spawn@7.0.3 OK for: create-react-app@5.0.1 want: ^7.0.3
71 silly placeDep ROOT envinfo@7.8.1 OK for: create-react-app@5.0.1 want: ^7.8.1
72 silly placeDep ROOT fs-extra@10.1.0 OK for: create-react-app@5.0.1 want: ^10.0.0
73 silly placeDep ROOT hyperquest@2.1.3 OK for: create-react-app@5.0.1 want: ^2.1.3
74 silly placeDep ROOT prompts@2.4.2 OK for: create-react-app@5.0.1 want: ^2.4.2
75 silly placeDep ROOT semver@7.3.7 OK for: create-react-app@5.0.1 want: ^7.3.5
76 silly placeDep ROOT tar-pack@3.4.1 OK for: create-react-app@5.0.1 want: ^3.4.1
77 silly placeDep ROOT tmp@0.2.1 OK for: create-react-app@5.0.1 want: ^0.2.1
78 silly placeDep ROOT validate-npm-package-name@3.0.0 OK for: create-react-app@5.0.1 want: ^3.0.0
79 silly fetch manifest ansi-styles@^4.1.0
80 silly fetch manifest supports-color@^7.1.0
81 silly fetch manifest path-key@^3.1.0
82 silly fetch manifest shebang-command@^2.0.0
83 silly fetch manifest which@^2.0.1
84 silly fetch manifest graceful-fs@^4.2.0
85 silly fetch manifest jsonfile@^6.0.1
86 silly fetch manifest universalify@^2.0.0
87 silly fetch manifest buffer-from@^0.1.1
88 silly fetch manifest duplexer2@~0.0.2
89 silly fetch manifest through2@~0.6.3
90 silly fetch manifest kleur@^3.0.3
91 silly fetch manifest sisteransi@^1.0.5
92 silly fetch manifest lru-cache@^6.0.0
93 silly fetch manifest debug@^2.2.0
94 silly fetch manifest fstream@^1.0.10
95 silly fetch manifest fstream-ignore@^1.0.5
96 silly fetch manifest once@^1.3.3
97 silly fetch manifest readable-stream@^2.1.4
98 silly fetch manifest rimraf@^2.5.1
99 silly fetch manifest tar@^2.2.1
100 silly fetch manifest uid-number@^0.0.6
101 silly fetch manifest rimraf@^3.0.0
102 silly fetch manifest builtins@^1.0.3
103 http fetch GET 200 https://registry.npmjs.org/jsonfile 238ms (cache revalidated)
104 http fetch GET 200 https://registry.npmjs.org/shebang-command 245ms (cache revalidated)
105 http fetch GET 200 https://registry.npmjs.org/supports-color 252ms (cache revalidated)
106 http fetch GET 200 https://registry.npmjs.org/graceful-fs 251ms (cache revalidated)
107 http fetch GET 200 https://registry.npmjs.org/debug 242ms (cache revalidated)
108 http fetch GET 200 https://registry.npmjs.org/through2 254ms (cache revalidated)
109 http fetch GET 200 https://registry.npmjs.org/sisteransi 255ms (cache revalidated)
110 http fetch GET 200 https://registry.npmjs.org/duplexer2 261ms (cache revalidated)
111 http fetch GET 200 https://registry.npmjs.org/buffer-from 272ms (cache revalidated)
112 http fetch GET 200 https://registry.npmjs.org/universalify 314ms (cache revalidated)
113 http fetch GET 200 https://registry.npmjs.org/readable-stream 303ms (cache revalidated)
114 http fetch GET 200 https://registry.npmjs.org/builtins 300ms (cache revalidated)
115 http fetch GET 200 https://registry.npmjs.org/tar 307ms (cache revalidated)
116 http fetch GET 200 https://registry.npmjs.org/rimraf 328ms (cache revalidated)
117 http fetch GET 200 https://registry.npmjs.org/kleur 344ms (cache revalidated)
118 http fetch GET 200 https://registry.npmjs.org/path-key 356ms (cache revalidated)
119 http fetch GET 200 https://registry.npmjs.org/rimraf 344ms (cache revalidated)
120 http fetch GET 200 https://registry.npmjs.org/once 366ms (cache revalidated)
121 http fetch GET 200 https://registry.npmjs.org/fstream 370ms (cache revalidated)
122 http fetch GET 200 https://registry.npmjs.org/lru-cache 374ms (cache revalidated)
123 http fetch GET 200 https://registry.npmjs.org/fstream-ignore 375ms (cache revalidated)
124 http fetch GET 200 https://registry.npmjs.org/which 675ms (cache revalidated)
125 http fetch GET 200 https://registry.npmjs.org/uid-number 661ms (cache revalidated)
126 http fetch GET 200 https://registry.npmjs.org/ansi-styles 693ms (cache revalidated)
127 timing idealTree:node_modules/create-react-app Completed in 744ms
128 silly placeDep ROOT ansi-styles@4.3.0 OK for: chalk@4.1.2 want: ^4.1.0
129 silly placeDep ROOT supports-color@7.2.0 OK for: chalk@4.1.2 want: ^7.1.0
130 silly fetch manifest color-convert@^2.0.1
131 silly fetch manifest has-flag@^4.0.0
132 http fetch GET 200 https://registry.npmjs.org/has-flag 86ms (cache revalidated)
133 http fetch GET 200 https://registry.npmjs.org/color-convert 103ms (cache revalidated)
134 timing idealTree:node_modules/chalk Completed in 114ms
135 silly placeDep ROOT color-convert@2.0.1 OK for: ansi-styles@4.3.0 want: ^2.0.1
136 silly fetch manifest color-name@~1.1.4
137 http fetch GET 200 https://registry.npmjs.org/color-name 84ms (cache revalidated)
138 timing idealTree:node_modules/ansi-styles Completed in 89ms
139 silly placeDep ROOT color-name@1.1.4 OK for: color-convert@2.0.1 want: ~1.1.4
140 timing idealTree:node_modules/color-convert Completed in 3ms
141 timing idealTree:node_modules/color-name Completed in 0ms
142 timing idealTree:node_modules/commander Completed in 0ms
143 silly placeDep ROOT path-key@3.1.1 OK for: cross-spawn@7.0.3 want: ^3.1.0
144 silly placeDep ROOT shebang-command@2.0.0 OK for: cross-spawn@7.0.3 want: ^2.0.0
145 silly placeDep ROOT which@2.0.2 OK for: cross-spawn@7.0.3 want: ^2.0.1
146 silly fetch manifest shebang-regex@^3.0.0
147 silly fetch manifest isexe@^2.0.0
148 http fetch GET 200 https://registry.npmjs.org/isexe 94ms (cache revalidated)
149 http fetch GET 200 https://registry.npmjs.org/shebang-regex 113ms (cache revalidated)
150 timing idealTree:node_modules/cross-spawn Completed in 128ms
151 timing idealTree:node_modules/envinfo Completed in 1ms
152 silly placeDep ROOT graceful-fs@4.2.10 OK for: fs-extra@10.1.0 want: ^4.2.0
153 silly placeDep ROOT jsonfile@6.1.0 OK for: fs-extra@10.1.0 want: ^6.0.1
154 silly placeDep ROOT universalify@2.0.0 OK for: fs-extra@10.1.0 want: ^2.0.0
155 timing idealTree:node_modules/fs-extra Completed in 11ms
156 timing idealTree:node_modules/graceful-fs Completed in 0ms
157 silly placeDep ROOT buffer-from@0.1.2 OK for: hyperquest@2.1.3 want: ^0.1.1
158 silly placeDep ROOT duplexer2@0.0.2 OK for: hyperquest@2.1.3 want: ~0.0.2
159 silly placeDep ROOT through2@0.6.5 OK for: hyperquest@2.1.3 want: ~0.6.3
160 silly fetch manifest readable-stream@~1.1.9
161 silly fetch manifest readable-stream@>=1.0.33-1 <1.1.0-0
162 silly fetch manifest xtend@>=4.0.0 <4.1.0-0
163 http fetch GET 200 https://registry.npmjs.org/xtend 129ms (cache revalidated)
164 timing idealTree:node_modules/hyperquest Completed in 146ms
165 timing idealTree:node_modules/buffer-from Completed in 0ms
166 silly placeDep ROOT readable-stream@1.1.14 OK for: duplexer2@0.0.2 want: ~1.1.9
167 silly fetch manifest core-util-is@~1.0.0
168 silly fetch manifest isarray@0.0.1
169 silly fetch manifest string_decoder@~0.10.x
170 silly fetch manifest inherits@~2.0.1
171 http fetch GET 200 https://registry.npmjs.org/string_decoder 104ms (cache revalidated)
172 http fetch GET 200 https://registry.npmjs.org/isarray 118ms (cache revalidated)
173 http fetch GET 200 https://registry.npmjs.org/inherits 123ms (cache revalidated)
174 http fetch GET 200 https://registry.npmjs.org/core-util-is 198ms (cache revalidated)
175 timing idealTree:node_modules/duplexer2 Completed in 212ms
176 timing idealTree:node_modules/jsonfile Completed in 0ms
177 timing idealTree:node_modules/path-key Completed in 0ms
178 silly placeDep ROOT kleur@3.0.3 OK for: prompts@2.4.2 want: ^3.0.3
179 silly placeDep ROOT sisteransi@1.0.5 OK for: prompts@2.4.2 want: ^1.0.5
180 timing idealTree:node_modules/prompts Completed in 7ms
181 timing idealTree:node_modules/kleur Completed in 0ms
182 silly placeDep ROOT core-util-is@1.0.3 OK for: readable-stream@1.1.14 want: ~1.0.0
183 silly placeDep ROOT inherits@2.0.4 OK for: readable-stream@1.1.14 want: ~2.0.1
184 silly placeDep ROOT isarray@0.0.1 OK for: readable-stream@1.1.14 want: 0.0.1
185 silly placeDep ROOT string_decoder@0.10.31 OK for: readable-stream@1.1.14 want: ~0.10.x
186 timing idealTree:node_modules/readable-stream Completed in 9ms
187 timing idealTree:node_modules/core-util-is Completed in 0ms
188 timing idealTree:node_modules/inherits Completed in 0ms
189 timing idealTree:node_modules/isarray Completed in 0ms
190 silly placeDep ROOT lru-cache@6.0.0 OK for: semver@7.3.7 want: ^6.0.0
191 silly fetch manifest yallist@^4.0.0
192 http fetch GET 200 https://registry.npmjs.org/yallist 79ms (cache revalidated)
193 timing idealTree:node_modules/semver Completed in 85ms
194 silly placeDep ROOT yallist@4.0.0 OK for: lru-cache@6.0.0 want: ^4.0.0
195 timing idealTree:node_modules/lru-cache Completed in 2ms
196 silly placeDep ROOT shebang-regex@3.0.0 OK for: shebang-command@2.0.0 want: ^3.0.0
197 timing idealTree:node_modules/shebang-command Completed in 3ms
198 timing idealTree:node_modules/shebang-regex Completed in 0ms
199 timing idealTree:node_modules/sisteransi Completed in 0ms
200 timing idealTree:node_modules/string_decoder Completed in 0ms
201 silly placeDep ROOT has-flag@4.0.0 OK for: supports-color@7.2.0 want: ^4.0.0
202 timing idealTree:node_modules/supports-color Completed in 3ms
203 timing idealTree:node_modules/has-flag Completed in 0ms
204 silly placeDep ROOT debug@2.6.9 OK for: tar-pack@3.4.1 want: ^2.2.0
205 silly placeDep ROOT fstream@1.0.12 OK for: tar-pack@3.4.1 want: ^1.0.10
206 silly placeDep ROOT fstream-ignore@1.0.5 OK for: tar-pack@3.4.1 want: ^1.0.5
207 silly placeDep ROOT once@1.4.0 OK for: tar-pack@3.4.1 want: ^1.3.3
208 silly placeDep node_modules/tar-pack readable-stream@2.3.7 OK for: tar-pack@3.4.1 want: ^2.1.4
209 silly placeDep ROOT rimraf@2.7.1 OK for: tar-pack@3.4.1 want: ^2.5.1
210 silly placeDep ROOT tar@2.2.2 OK for: tar-pack@3.4.1 want: ^2.2.1
211 silly placeDep ROOT uid-number@0.0.6 OK for: tar-pack@3.4.1 want: ^0.0.6
212 silly fetch manifest ms@2.0.0
213 silly fetch manifest mkdirp@>=0.5 0
214 silly fetch manifest minimatch@^3.0.0
215 silly fetch manifest wrappy@1
216 silly fetch manifest isarray@~1.0.0
217 silly fetch manifest process-nextick-args@~2.0.0
218 silly fetch manifest safe-buffer@~5.1.1
219 silly fetch manifest string_decoder@~1.1.1
220 silly fetch manifest util-deprecate@~1.0.1
221 silly fetch manifest glob@^7.1.3
222 silly fetch manifest block-stream@*
223 http fetch GET 200 https://registry.npmjs.org/ms 165ms (cache revalidated)
224 http fetch GET 200 https://registry.npmjs.org/glob 151ms (cache revalidated)
225 http fetch GET 200 https://registry.npmjs.org/wrappy 167ms (cache revalidated)
226 http fetch GET 200 https://registry.npmjs.org/mkdirp 179ms (cache revalidated)
227 http fetch GET 200 https://registry.npmjs.org/process-nextick-args 177ms (cache revalidated)
228 http fetch GET 200 https://registry.npmjs.org/safe-buffer 176ms (cache revalidated)
229 http fetch GET 200 https://registry.npmjs.org/util-deprecate 188ms (cache revalidated)
230 http fetch GET 200 https://registry.npmjs.org/minimatch 197ms (cache revalidated)
231 http fetch GET 200 https://registry.npmjs.org/block-stream 188ms (cache revalidated)
232 timing idealTree:node_modules/tar-pack Completed in 241ms
233 silly placeDep ROOT ms@2.0.0 OK for: debug@2.6.9 want: 2.0.0
234 timing idealTree:node_modules/debug Completed in 2ms
235 silly placeDep ROOT mkdirp@0.5.6 OK for: fstream@1.0.12 want: >=0.5 0
236 silly fetch manifest minimist@^1.2.6
237 http fetch GET 200 https://registry.npmjs.org/minimist 71ms (cache revalidated)
238 timing idealTree:node_modules/fstream Completed in 76ms
239 silly placeDep ROOT minimatch@3.1.2 OK for: fstream-ignore@1.0.5 want: ^3.0.0
240 silly fetch manifest brace-expansion@^1.1.7
241 http fetch GET 200 https://registry.npmjs.org/brace-expansion 78ms (cache revalidated)
242 timing idealTree:node_modules/fstream-ignore Completed in 85ms
243 silly placeDep ROOT brace-expansion@1.1.11 OK for: minimatch@3.1.2 want: ^1.1.7
244 silly fetch manifest balanced-match@^1.0.0
245 silly fetch manifest concat-map@0.0.1
246 http fetch GET 200 https://registry.npmjs.org/concat-map 91ms (cache revalidated)
247 http fetch GET 200 https://registry.npmjs.org/balanced-match 98ms (cache revalidated)
248 timing idealTree:node_modules/minimatch Completed in 104ms
249 silly placeDep ROOT balanced-match@1.0.2 OK for: brace-expansion@1.1.11 want: ^1.0.0
250 silly placeDep ROOT concat-map@0.0.1 OK for: brace-expansion@1.1.11 want: 0.0.1
251 timing idealTree:node_modules/brace-expansion Completed in 7ms
252 timing idealTree:node_modules/balanced-match Completed in 0ms
253 timing idealTree:node_modules/concat-map Completed in 0ms
254 silly placeDep ROOT minimist@1.2.6 OK for: mkdirp@0.5.6 want: ^1.2.6
255 timing idealTree:node_modules/mkdirp Completed in 4ms
256 timing idealTree:node_modules/minimist Completed in 0ms
257 timing idealTree:node_modules/ms Completed in 0ms
258 silly placeDep ROOT wrappy@1.0.2 OK for: once@1.4.0 want: 1
259 timing idealTree:node_modules/once Completed in 3ms
260 silly placeDep ROOT glob@7.2.3 OK for: rimraf@2.7.1 want: ^7.1.3
261 silly fetch manifest fs.realpath@^1.0.0
262 silly fetch manifest inflight@^1.0.4
263 silly fetch manifest path-is-absolute@^1.0.0
264 http fetch GET 200 https://registry.npmjs.org/fs.realpath 95ms (cache revalidated)
265 http fetch GET 200 https://registry.npmjs.org/path-is-absolute 116ms (cache revalidated)
266 http fetch GET 200 https://registry.npmjs.org/inflight 207ms (cache revalidated)
267 timing idealTree:node_modules/rimraf Completed in 217ms
268 silly placeDep ROOT fs.realpath@1.0.0 OK for: glob@7.2.3 want: ^1.0.0
269 silly placeDep ROOT inflight@1.0.6 OK for: glob@7.2.3 want: ^1.0.4
270 silly placeDep ROOT path-is-absolute@1.0.1 OK for: glob@7.2.3 want: ^1.0.0
271 timing idealTree:node_modules/glob Completed in 10ms
272 timing idealTree:node_modules/fs.realpath Completed in 0ms
273 timing idealTree:node_modules/inflight Completed in 0ms
274 timing idealTree:node_modules/path-is-absolute Completed in 0ms
275 silly placeDep ROOT block-stream@0.0.9 OK for: tar@2.2.2 want: *
276 timing idealTree:node_modules/tar Completed in 4ms
277 timing idealTree:node_modules/block-stream Completed in 0ms
278 silly placeDep node_modules/through2 readable-stream@1.0.34 OK for: through2@0.6.5 want: >=1.0.33-1 <1.1.0-0
279 silly placeDep ROOT xtend@4.0.2 OK for: through2@0.6.5 want: >=4.0.0 <4.1.0-0
280 timing idealTree:node_modules/through2 Completed in 11ms
281 silly placeDep node_modules/tmp rimraf@3.0.2 OK for: tmp@0.2.1 want: ^3.0.0
282 timing idealTree:node_modules/tmp Completed in 4ms
283 timing idealTree:node_modules/uid-number Completed in 0ms
284 timing idealTree:node_modules/universalify Completed in 0ms
285 silly placeDep ROOT builtins@1.0.3 OK for: validate-npm-package-name@3.0.0 want: ^1.0.3
286 timing idealTree:node_modules/validate-npm-package-name Completed in 3ms
287 timing idealTree:node_modules/builtins Completed in 1ms
288 silly placeDep ROOT isexe@2.0.0 OK for: which@2.0.2 want: ^2.0.0
289 timing idealTree:node_modules/which Completed in 5ms
290 timing idealTree:node_modules/isexe Completed in 0ms
291 timing idealTree:node_modules/wrappy Completed in 0ms
292 timing idealTree:node_modules/xtend Completed in 0ms
293 timing idealTree:node_modules/yallist Completed in 0ms
294 silly placeDep node_modules/tar-pack isarray@1.0.0 OK for: readable-stream@2.3.7 want: ~1.0.0
295 silly placeDep ROOT process-nextick-args@2.0.1 OK for: readable-stream@2.3.7 want: ~2.0.0
296 silly placeDep ROOT safe-buffer@5.1.2 OK for: readable-stream@2.3.7 want: ~5.1.1
297 silly placeDep node_modules/tar-pack string_decoder@1.1.1 OK for: readable-stream@2.3.7 want: ~1.1.1
298 silly placeDep ROOT util-deprecate@1.0.2 OK for: readable-stream@2.3.7 want: ~1.0.1
299 timing idealTree:node_modules/tar-pack/node_modules/readable-stream Completed in 18ms
300 timing idealTree:node_modules/process-nextick-args Completed in 0ms
301 timing idealTree:node_modules/safe-buffer Completed in 0ms
302 timing idealTree:node_modules/util-deprecate Completed in 0ms
303 timing idealTree:node_modules/tar-pack/node_modules/isarray Completed in 0ms
304 timing idealTree:node_modules/tar-pack/node_modules/string_decoder Completed in 0ms
305 timing idealTree:node_modules/through2/node_modules/readable-stream Completed in 0ms
306 timing idealTree:node_modules/tmp/node_modules/rimraf Completed in 0ms
307 timing idealTree:buildDeps Completed in 3186ms
308 timing idealTree:fixDepFlags Completed in 3ms
309 timing idealTree Completed in 3206ms
310 timing reify:loadTrees Completed in 3208ms
311 timing reify:diffTrees Completed in 6ms
312 silly reify moves {}
313 timing reify:retireShallow Completed in 2ms
314 timing reify:createSparse Completed in 49ms
315 timing reify:loadBundles Completed in 0ms
316 silly audit bulk request {
316 silly audit   'create-react-app': [ '5.0.1' ],
316 silly audit   chalk: [ '4.1.2' ],
316 silly audit   commander: [ '4.1.1' ],
316 silly audit   'cross-spawn': [ '7.0.3' ],
316 silly audit   envinfo: [ '7.8.1' ],
316 silly audit   'fs-extra': [ '10.1.0' ],
316 silly audit   hyperquest: [ '2.1.3' ],
316 silly audit   prompts: [ '2.4.2' ],
316 silly audit   semver: [ '7.3.7' ],
316 silly audit   'tar-pack': [ '3.4.1' ],
316 silly audit   tmp: [ '0.2.1' ],
316 silly audit   'validate-npm-package-name': [ '3.0.0' ],
316 silly audit   'ansi-styles': [ '4.3.0' ],
316 silly audit   'supports-color': [ '7.2.0' ],
316 silly audit   'color-convert': [ '2.0.1' ],
316 silly audit   'color-name': [ '1.1.4' ],
316 silly audit   'path-key': [ '3.1.1' ],
316 silly audit   'shebang-command': [ '2.0.0' ],
316 silly audit   which: [ '2.0.2' ],
316 silly audit   'graceful-fs': [ '4.2.10' ],
316 silly audit   jsonfile: [ '6.1.0' ],
316 silly audit   universalify: [ '2.0.0' ],
316 silly audit   'buffer-from': [ '0.1.2' ],
316 silly audit   duplexer2: [ '0.0.2' ],
316 silly audit   through2: [ '0.6.5' ],
316 silly audit   'readable-stream': [ '1.1.14', '2.3.7', '1.0.34' ],
316 silly audit   kleur: [ '3.0.3' ],
316 silly audit   sisteransi: [ '1.0.5' ],
316 silly audit   'core-util-is': [ '1.0.3' ],
316 silly audit   inherits: [ '2.0.4' ],
316 silly audit   isarray: [ '0.0.1', '1.0.0' ],
316 silly audit   string_decoder: [ '0.10.31', '1.1.1' ],
316 silly audit   'lru-cache': [ '6.0.0' ],
316 silly audit   yallist: [ '4.0.0' ],
316 silly audit   'shebang-regex': [ '3.0.0' ],
316 silly audit   'has-flag': [ '4.0.0' ],
316 silly audit   debug: [ '2.6.9' ],
316 silly audit   fstream: [ '1.0.12' ],
316 silly audit   'fstream-ignore': [ '1.0.5' ],
316 silly audit   once: [ '1.4.0' ],
316 silly audit   rimraf: [ '2.7.1', '3.0.2' ],
316 silly audit   tar: [ '2.2.2' ],
316 silly audit   'uid-number': [ '0.0.6' ],
316 silly audit   ms: [ '2.0.0' ],
316 silly audit   mkdirp: [ '0.5.6' ],
316 silly audit   minimatch: [ '3.1.2' ],
316 silly audit   'brace-expansion': [ '1.1.11' ],
316 silly audit   'balanced-match': [ '1.0.2' ],
316 silly audit   'concat-map': [ '0.0.1' ],
316 silly audit   minimist: [ '1.2.6' ],
316 silly audit   wrappy: [ '1.0.2' ],
316 silly audit   glob: [ '7.2.3' ],
316 silly audit   'fs.realpath': [ '1.0.0' ],
316 silly audit   inflight: [ '1.0.6' ],
316 silly audit   'path-is-absolute': [ '1.0.1' ],
316 silly audit   'block-stream': [ '0.0.9' ],
316 silly audit   xtend: [ '4.0.2' ],
316 silly audit   builtins: [ '1.0.3' ],
316 silly audit   isexe: [ '2.0.0' ],
316 silly audit   'process-nextick-args': [ '2.0.1' ],
316 silly audit   'safe-buffer': [ '5.1.2' ],
316 silly audit   'util-deprecate': [ '1.0.2' ]
316 silly audit }
317 http fetch POST 200 https://registry.npmjs.org/-/npm/v1/security/advisories/bulk 395ms
318 timing auditReport:getReport Completed in 403ms
319 silly audit report {
319 silly audit report   tar: [
319 silly audit report     {
319 silly audit report       id: 1070363,
319 silly audit report       url: 'https://github.com/advisories/GHSA-5955-9wpr-37jh',
319 silly audit report       title: 'Arbitrary File Creation/Overwrite on Windows via insufficient relative path sanitization',
319 silly audit report       severity: 'high',
319 silly audit report       vulnerable_versions: '<4.4.18',
319 silly audit report       cwe: [Array],
319 silly audit report       cvss: [Object]
319 silly audit report     },
319 silly audit report     {
319 silly audit report       id: 1070366,
319 silly audit report       url: 'https://github.com/advisories/GHSA-qq89-hq3f-393p',
319 silly audit report       title: 'Arbitrary File Creation/Overwrite via insufficient symlink protection due to directory cache poisoning using symbolic links',
319 silly audit report       severity: 'high',
319 silly audit report       vulnerable_versions: '<4.4.18',
319 silly audit report       cwe: [Array],
319 silly audit report       cvss: [Object]
319 silly audit report     },
319 silly audit report     {
319 silly audit report       id: 1070369,
319 silly audit report       url: 'https://github.com/advisories/GHSA-9r2w-394v-53qc',
319 silly audit report       title: 'Arbitrary File Creation/Overwrite via insufficient symlink protection due to directory cache poisoning using symbolic links',
319 silly audit report       severity: 'high',
319 silly audit report       vulnerable_versions: '<4.4.16',
319 silly audit report       cwe: [Array],
319 silly audit report       cvss: [Object]
319 silly audit report     },
319 silly audit report     {
319 silly audit report       id: 1070373,
319 silly audit report       url: 'https://github.com/advisories/GHSA-3jfq-g458-7qm9',
319 silly audit report       title: 'Arbitrary File Creation/Overwrite due to insufficient absolute path sanitization',
319 silly audit report       severity: 'high',
319 silly audit report       vulnerable_versions: '<3.2.2',
319 silly audit report       cwe: [Array],
319 silly audit report       cvss: [Object]
319 silly audit report     },
319 silly audit report     {
319 silly audit report       id: 1080912,
319 silly audit report       url: 'https://github.com/advisories/GHSA-r628-mhmh-qjhw',
319 silly audit report       title: 'Arbitrary File Creation/Overwrite via insufficient symlink protection due to directory cache poisoning',
319 silly audit report       severity: 'high',
319 silly audit report       vulnerable_versions: '<3.2.3',
319 silly audit report       cwe: [Array],
319 silly audit report       cvss: [Object]
319 silly audit report     }
319 silly audit report   ]
319 silly audit report }
320 timing metavuln:packument:tar Completed in 2ms
321 timing metavuln:cache:get:security-advisory:tar:XujiZMRfQGqBn+muOIgJKorJGxHZWAPy1mSGJE55PXbeI4TkLlduJZpftaMToAR4Vp9HPP/lDMnX/YRn0Nb+CA== Completed in 33ms
322 timing metavuln:load:security-advisory:tar:1070363 Completed in 9ms
323 timing metavuln:cache:get:security-advisory:tar:onMwyyRWKDIKkHlpvR4WBcQKgy6y6HkyIOgIyxjN0szZTG3bi8chVqaNG2GqpoT4yvoRxOA8HoW/cnBYpfH5NQ== Completed in 44ms
324 timing metavuln:load:security-advisory:tar:1070366 Completed in 6ms
325 timing metavuln:cache:get:security-advisory:tar:arzBB+Jr2MtzGPkZgR28EcdoeK9dMOVvzSNEwcx9iak3/E8KVVofBp2Becjpj5er/b9OCwH2NQ4Bc9zLNc8Jow== Completed in 52ms
326 timing metavuln:load:security-advisory:tar:1070369 Completed in 11ms
327 timing metavuln:cache:get:security-advisory:tar:XnerVKiIgwrQa5WNW269ilpgPlIRnjA0WsvBJuMrmWg54GkYK+dYelPBwEWowtEpltYdxNJp5UV0YY7ffHC2XA== Completed in 63ms
328 timing metavuln:load:security-advisory:tar:1070373 Completed in 3ms
329 timing metavuln:cache:get:security-advisory:tar:Ge39MOSQCbPdvSDSV7TYh2dJ14JccLpX2PqWO0kPV+dWgXZfHKPYysF9+ZbWx700p91uNKqfsIBnSzs6qDrmGg== Completed in 69ms
330 timing metavuln:load:security-advisory:tar:1080912 Completed in 4ms
331 timing reifyNode:node_modules/process-nextick-args Completed in 510ms
332 timing reifyNode:node_modules/path-is-absolute Completed in 512ms
333 timing reifyNode:node_modules/inflight Completed in 512ms
334 timing reifyNode:node_modules/wrappy Completed in 512ms
335 timing reifyNode:node_modules/brace-expansion Completed in 514ms
336 timing reifyNode:node_modules/ms Completed in 515ms
337 timing reifyNode:node_modules/once Completed in 514ms
338 timing reifyNode:node_modules/fstream-ignore Completed in 514ms
339 timing reifyNode:node_modules/buffer-from Completed in 517ms
340 timing reifyNode:node_modules/universalify Completed in 517ms
341 timing reifyNode:node_modules/shebang-command Completed in 517ms
342 timing reifyNode:node_modules/color-name Completed in 517ms
343 timing reifyNode:node_modules/block-stream Completed in 530ms
344 timing reifyNode:node_modules/uid-number Completed in 530ms
345 timing reifyNode:node_modules/has-flag Completed in 531ms
346 timing reifyNode:node_modules/shebang-regex Completed in 531ms
347 timing reifyNode:node_modules/lru-cache Completed in 531ms
348 timing reifyNode:node_modules/string_decoder Completed in 530ms
349 timing reifyNode:node_modules/inherits Completed in 531ms
350 timing reifyNode:node_modules/core-util-is Completed in 531ms
351 timing reifyNode:node_modules/kleur Completed in 531ms
352 timing reifyNode:node_modules/through2 Completed in 531ms
353 timing reifyNode:node_modules/path-key Completed in 532ms
354 timing reifyNode:node_modules/supports-color Completed in 533ms
355 timing reifyNode:node_modules/util-deprecate Completed in 544ms
356 timing reifyNode:node_modules/fs.realpath Completed in 542ms
357 timing reifyNode:node_modules/balanced-match Completed in 543ms
358 timing reifyNode:node_modules/rimraf Completed in 543ms
359 timing reifyNode:node_modules/yallist Completed in 544ms
360 timing reifyNode:node_modules/isarray Completed in 543ms
361 timing reifyNode:node_modules/sisteransi Completed in 543ms
362 timing reifyNode:node_modules/ansi-styles Completed in 543ms
363 timing reifyNode:node_modules/safe-buffer Completed in 554ms
364 timing reifyNode:node_modules/builtins Completed in 553ms
365 timing reifyNode:node_modules/xtend Completed in 553ms
366 timing reifyNode:node_modules/minimatch Completed in 553ms
367 timing reifyNode:node_modules/mkdirp Completed in 554ms
368 timing reifyNode:node_modules/which Completed in 553ms
369 timing reifyNode:node_modules/create-react-app Completed in 554ms
370 timing reifyNode:node_modules/tar-pack/node_modules/string_decoder Completed in 557ms
371 timing reifyNode:node_modules/jsonfile Completed in 561ms
372 timing reifyNode:node_modules/graceful-fs Completed in 562ms
373 timing reifyNode:node_modules/tmp/node_modules/rimraf Completed in 565ms
374 timing reifyNode:node_modules/tar-pack/node_modules/isarray Completed in 566ms
375 timing reifyNode:node_modules/concat-map Completed in 571ms
376 timing reifyNode:node_modules/color-convert Completed in 569ms
377 timing reifyNode:node_modules/isexe Completed in 578ms
378 timing reifyNode:node_modules/duplexer2 Completed in 577ms
379 timing reifyNode:node_modules/glob Completed in 584ms
380 timing reifyNode:node_modules/tmp Completed in 582ms
381 timing reifyNode:node_modules/chalk Completed in 583ms
382 timing reifyNode:node_modules/cross-spawn Completed in 588ms
383 timing reifyNode:node_modules/validate-npm-package-name Completed in 593ms
384 timing reifyNode:node_modules/commander Completed in 593ms
385 timing reifyNode:node_modules/envinfo Completed in 608ms
386 timing reifyNode:node_modules/tar-pack Completed in 625ms
387 timing reifyNode:node_modules/through2/node_modules/readable-stream Completed in 629ms
388 timing metavuln:cache:put:security-advisory:tar:arzBB+Jr2MtzGPkZgR28EcdoeK9dMOVvzSNEwcx9iak3/E8KVVofBp2Becjpj5er/b9OCwH2NQ4Bc9zLNc8Jow== Completed in 181ms
389 timing metavuln:calculate:security-advisory:tar:1070369 Completed in 244ms
390 timing reifyNode:node_modules/debug Completed in 638ms
391 timing reifyNode:node_modules/readable-stream Completed in 638ms
392 timing reifyNode:node_modules/hyperquest Completed in 643ms
393 timing metavuln:cache:put:security-advisory:tar:onMwyyRWKDIKkHlpvR4WBcQKgy6y6HkyIOgIyxjN0szZTG3bi8chVqaNG2GqpoT4yvoRxOA8HoW/cnBYpfH5NQ== Completed in 205ms
394 timing metavuln:calculate:security-advisory:tar:1070366 Completed in 257ms
395 timing metavuln:cache:put:security-advisory:tar:XujiZMRfQGqBn+muOIgJKorJGxHZWAPy1mSGJE55PXbeI4TkLlduJZpftaMToAR4Vp9HPP/lDMnX/YRn0Nb+CA== Completed in 215ms
396 timing metavuln:calculate:security-advisory:tar:1070363 Completed in 259ms
397 timing metavuln:cache:put:security-advisory:tar:XnerVKiIgwrQa5WNW269ilpgPlIRnjA0WsvBJuMrmWg54GkYK+dYelPBwEWowtEpltYdxNJp5UV0YY7ffHC2XA== Completed in 189ms
398 timing metavuln:calculate:security-advisory:tar:1070373 Completed in 256ms
399 timing metavuln:cache:put:security-advisory:tar:Ge39MOSQCbPdvSDSV7TYh2dJ14JccLpX2PqWO0kPV+dWgXZfHKPYysF9+ZbWx700p91uNKqfsIBnSzs6qDrmGg== Completed in 184ms
400 timing metavuln:calculate:security-advisory:tar:1080912 Completed in 257ms
401 timing metavuln:packument:tar-pack Completed in 1ms
402 timing metavuln:cache:get:security-advisory:tar-pack:ZNMfjpLwTywcxA00sp7T+yuzlPkMRfR6dIDXX/o8xMDkcKTYDn9xIFSikJ5viYCf9Bf7w38hq7+JKD1oE9AmXA== Completed in 3ms
403 timing metavuln:load:security-advisory:tar-pack:XujiZMRfQGqBn+muOIgJKorJGxHZWAPy1mSGJE55PXbeI4TkLlduJZpftaMToAR4Vp9HPP/lDMnX/YRn0Nb+CA== Completed in 5ms
404 timing reifyNode:node_modules/minimist Completed in 668ms
405 timing reifyNode:node_modules/fstream Completed in 674ms
406 timing reifyNode:node_modules/tar-pack/node_modules/readable-stream Completed in 686ms
407 timing metavuln:cache:put:security-advisory:tar-pack:ZNMfjpLwTywcxA00sp7T+yuzlPkMRfR6dIDXX/o8xMDkcKTYDn9xIFSikJ5viYCf9Bf7w38hq7+JKD1oE9AmXA== Completed in 44ms
408 timing metavuln:calculate:security-advisory:tar-pack:XujiZMRfQGqBn+muOIgJKorJGxHZWAPy1mSGJE55PXbeI4TkLlduJZpftaMToAR4Vp9HPP/lDMnX/YRn0Nb+CA== Completed in 53ms
409 timing metavuln:packument:create-react-app Completed in 0ms
410 timing metavuln:cache:get:security-advisory:create-react-app:wF8Uqk7KSVQUMMrw38iy+Rcnx1B+E9X+e2nTtkubjL3UCTp5H5nVwe04Hmr8x2pALDcP0B6T+L9pFgVXKsrhOw== Completed in 3ms
411 timing metavuln:load:security-advisory:create-react-app:ZNMfjpLwTywcxA00sp7T+yuzlPkMRfR6dIDXX/o8xMDkcKTYDn9xIFSikJ5viYCf9Bf7w38hq7+JKD1oE9AmXA== Completed in 13ms
412 timing reifyNode:node_modules/fs-extra Completed in 738ms
413 timing reifyNode:node_modules/semver Completed in 741ms
414 timing metavuln:cache:put:security-advisory:create-react-app:wF8Uqk7KSVQUMMrw38iy+Rcnx1B+E9X+e2nTtkubjL3UCTp5H5nVwe04Hmr8x2pALDcP0B6T+L9pFgVXKsrhOw== Completed in 30ms
415 timing metavuln:calculate:security-advisory:create-react-app:ZNMfjpLwTywcxA00sp7T+yuzlPkMRfR6dIDXX/o8xMDkcKTYDn9xIFSikJ5viYCf9Bf7w38hq7+JKD1oE9AmXA== Completed in 47ms
416 timing auditReport:init Completed in 380ms
417 timing reify:audit Completed in 785ms
418 timing reifyNode:node_modules/prompts Completed in 797ms
419 warn deprecated tar@2.2.2: This version of tar is no longer supported, and will not receive security updates. Please upgrade asap.
420 timing reifyNode:node_modules/tar Completed in 827ms
421 timing reify:unpack Completed in 830ms
422 timing reify:unretire Completed in 0ms
423 timing build:queue Completed in 9ms
424 timing build:link:node_modules/create-react-app Completed in 13ms
425 timing build:link:node_modules/tmp/node_modules/rimraf Completed in 11ms
426 timing build:link:node_modules/envinfo Completed in 12ms
427 timing build:link:node_modules/rimraf Completed in 11ms
428 timing build:link:node_modules/mkdirp Completed in 13ms
429 timing build:link:node_modules/semver Completed in 12ms
430 timing build:link:node_modules/which Completed in 12ms
431 timing build:link Completed in 14ms
432 timing build:deps Completed in 24ms
433 timing build Completed in 25ms
434 timing reify:build Completed in 25ms
435 timing reify:trash Completed in 0ms
436 timing reify:save Completed in 34ms
437 timing reify Completed in 4191ms
438 timing command:exec Completed in 188416ms
439 notice
439 notice New [33mminor[39m version of npm available! [31m8.15.0[39m -> [32m8.17.0[39m
439 notice Changelog: [36mhttps://github.com/npm/cli/releases/tag/v8.17.0[39m
439 notice Run [32mnpm install -g npm@8.17.0[39m to update!
439 notice
440 verbose exit 0
441 timing npm Completed in 188566ms
442 info ok
