[2022-08-17T15:36:47.846Z] Log level: Info
[2022-08-17T15:36:47.866Z] [info] Validating found git in: git
[2022-08-17T15:36:48.058Z] [info] Using git 2.25.1 from git
[2022-08-17T15:36:48.085Z] > git rev-parse --show-toplevel [9ms]
[2022-08-17T15:36:48.118Z] > git rev-parse --git-dir --git-common-dir [7ms]
[2022-08-17T15:36:48.127Z] [info] Open repository: /home/elian
[2022-08-17T15:36:48.226Z] > git status -z -uall [89ms]
[2022-08-17T15:36:48.235Z] > git symbolic-ref --short HEAD [1ms]
[2022-08-17T15:36:48.247Z] > git for-each-ref --format=%(refname)%00%(upstream:short)%00%(objectname)%00%(upstream:track)%00%(upstream:remotename)%00%(upstream:remoteref) refs/heads/main refs/remotes/main [2ms]
[2022-08-17T15:36:48.298Z] > git remote --verbose [2ms]
[2022-08-17T15:36:48.299Z] > git for-each-ref --sort -committerdate --format %(refname) %(objectname) %(*objectname) [27ms]
[2022-08-17T15:36:48.323Z] > git config --get commit.template [2ms]
[2022-08-17T15:36:48.451Z] > git status -z -uall [99ms]
[2022-08-17T15:36:48.460Z] > git symbolic-ref --short HEAD [2ms]
[2022-08-17T15:36:48.469Z] > git for-each-ref --format=%(refname)%00%(upstream:short)%00%(objectname)%00%(upstream:track)%00%(upstream:remotename)%00%(upstream:remoteref) refs/heads/main refs/remotes/main [2ms]
[2022-08-17T15:36:48.484Z] > git remote --verbose [2ms]
[2022-08-17T15:36:48.485Z] > git for-each-ref --sort -committerdate --format %(refname) %(objectname) %(*objectname) [9ms]
[2022-08-17T15:36:48.497Z] > git config --get commit.template [2ms]
[2022-08-17T15:36:48.703Z] > git check-ignore -v -z --stdin [16ms]
[2022-08-17T15:36:51.005Z] > git status -z -uall [126ms]
[2022-08-17T15:36:51.017Z] > git symbolic-ref --short HEAD [3ms]
[2022-08-17T15:36:51.029Z] > git for-each-ref --format=%(refname)%00%(upstream:short)%00%(objectname)%00%(upstream:track)%00%(upstream:remotename)%00%(upstream:remoteref) refs/heads/main refs/remotes/main [3ms]
[2022-08-17T15:36:51.049Z] > git for-each-ref --sort -committerdate --format %(refname) %(objectname) %(*objectname) [11ms]
[2022-08-17T15:36:51.051Z] > git remote --verbose [6ms]
[2022-08-17T15:36:51.076Z] > git config --get commit.template [5ms]
[2022-08-17T15:36:59.391Z] > git status -z -uall [126ms]
[2022-08-17T15:36:59.406Z] > git symbolic-ref --short HEAD [2ms]
[2022-08-17T15:36:59.415Z] > git for-each-ref --format=%(refname)%00%(upstream:short)%00%(objectname)%00%(upstream:track)%00%(upstream:remotename)%00%(upstream:remoteref) refs/heads/main refs/remotes/main [2ms]
[2022-08-17T15:36:59.429Z] > git remote --verbose [2ms]
[2022-08-17T15:36:59.430Z] > git for-each-ref --sort -committerdate --format %(refname) %(objectname) %(*objectname) [8ms]
[2022-08-17T15:36:59.439Z] > git config --get commit.template [1ms]
[2022-08-17T15:37:12.472Z] > git status -z -uall [100ms]
[2022-08-17T15:37:12.484Z] > git symbolic-ref --short HEAD [3ms]
[2022-08-17T15:37:12.512Z] > git for-each-ref --format=%(refname)%00%(upstream:short)%00%(objectname)%00%(upstream:track)%00%(upstream:remotename)%00%(upstream:remoteref) refs/heads/main refs/remotes/main [3ms]
[2022-08-17T15:37:12.529Z] > git remote --verbose [3ms]
[2022-08-17T15:37:12.531Z] > git for-each-ref --sort -committerdate --format %(refname) %(objectname) %(*objectname) [11ms]
[2022-08-17T15:37:12.550Z] > git config --get commit.template [2ms]
[2022-08-17T15:37:17.695Z] > git status -z -uall [131ms]
[2022-08-17T15:37:17.707Z] > git symbolic-ref --short HEAD [2ms]
[2022-08-17T15:37:17.717Z] > git for-each-ref --format=%(refname)%00%(upstream:short)%00%(objectname)%00%(upstream:track)%00%(upstream:remotename)%00%(upstream:remoteref) refs/heads/main refs/remotes/main [3ms]
[2022-08-17T15:37:17.734Z] > git remote --verbose [4ms]
[2022-08-17T15:37:17.734Z] > git for-each-ref --sort -committerdate --format %(refname) %(objectname) %(*objectname) [10ms]
[2022-08-17T15:37:17.746Z] > git config --get commit.template [2ms]
[2022-08-17T15:37:22.875Z] > git status -z -uall [117ms]
[2022-08-17T15:37:22.887Z] > git symbolic-ref --short HEAD [2ms]
[2022-08-17T15:37:22.901Z] > git for-each-ref --format=%(refname)%00%(upstream:short)%00%(objectname)%00%(upstream:track)%00%(upstream:remotename)%00%(upstream:remoteref) refs/heads/main refs/remotes/main [4ms]
[2022-08-17T15:37:22.914Z] > git for-each-ref --sort -committerdate --format %(refname) %(objectname) %(*objectname) [7ms]
[2022-08-17T15:37:22.915Z] > git remote --verbose [3ms]
[2022-08-17T15:37:22.927Z] > git config --get commit.template [3ms]
[2022-08-17T15:37:28.052Z] > git status -z -uall [113ms]
[2022-08-17T15:37:28.063Z] > git symbolic-ref --short HEAD [3ms]
[2022-08-17T15:37:28.075Z] > git for-each-ref --format=%(refname)%00%(upstream:short)%00%(objectname)%00%(upstream:track)%00%(upstream:remotename)%00%(upstream:remoteref) refs/heads/main refs/remotes/main [3ms]
[2022-08-17T15:37:28.094Z] > git for-each-ref --sort -committerdate --format %(refname) %(objectname) %(*objectname) [11ms]
[2022-08-17T15:37:28.096Z] > git remote --verbose [5ms]
[2022-08-17T15:37:28.113Z] > git config --get commit.template [4ms]
[2022-08-17T15:38:01.266Z] > git status -z -uall [104ms]
[2022-08-17T15:38:01.275Z] > git symbolic-ref --short HEAD [1ms]
[2022-08-17T15:38:01.283Z] > git for-each-ref --format=%(refname)%00%(upstream:short)%00%(objectname)%00%(upstream:track)%00%(upstream:remotename)%00%(upstream:remoteref) refs/heads/main refs/remotes/main [2ms]
[2022-08-17T15:38:01.296Z] > git remote --verbose [2ms]
[2022-08-17T15:38:01.297Z] > git for-each-ref --sort -committerdate --format %(refname) %(objectname) %(*objectname) [8ms]
[2022-08-17T15:38:01.310Z] > git config --get commit.template [1ms]
[2022-08-17T15:38:06.455Z] > git status -z -uall [132ms]
[2022-08-17T15:38:06.464Z] > git symbolic-ref --short HEAD [2ms]
[2022-08-17T15:38:06.473Z] > git for-each-ref --format=%(refname)%00%(upstream:short)%00%(objectname)%00%(upstream:track)%00%(upstream:remotename)%00%(upstream:remoteref) refs/heads/main refs/remotes/main [2ms]
[2022-08-17T15:38:06.491Z] > git for-each-ref --sort -committerdate --format %(refname) %(objectname) %(*objectname) [9ms]
[2022-08-17T15:38:06.492Z] > git remote --verbose [3ms]
[2022-08-17T15:38:06.508Z] > git config --get commit.template [2ms]
[2022-08-17T15:38:11.632Z] > git status -z -uall [111ms]
[2022-08-17T15:38:11.643Z] > git symbolic-ref --short HEAD [2ms]
[2022-08-17T15:38:11.652Z] > git for-each-ref --format=%(refname)%00%(upstream:short)%00%(objectname)%00%(upstream:track)%00%(upstream:remotename)%00%(upstream:remoteref) refs/heads/main refs/remotes/main [3ms]
[2022-08-17T15:38:11.670Z] > git remote --verbose [5ms]
[2022-08-17T15:38:11.671Z] > git for-each-ref --sort -committerdate --format %(refname) %(objectname) %(*objectname) [13ms]
[2022-08-17T15:38:11.685Z] > git config --get commit.template [2ms]
[2022-08-17T15:38:16.826Z] > git status -z -uall [129ms]
[2022-08-17T15:38:16.836Z] > git symbolic-ref --short HEAD [3ms]
[2022-08-17T15:38:16.846Z] > git for-each-ref --format=%(refname)%00%(upstream:short)%00%(objectname)%00%(upstream:track)%00%(upstream:remotename)%00%(upstream:remoteref) refs/heads/main refs/remotes/main [3ms]
[2022-08-17T15:38:16.862Z] > git remote --verbose [3ms]
[2022-08-17T15:38:16.863Z] > git for-each-ref --sort -committerdate --format %(refname) %(objectname) %(*objectname) [10ms]
[2022-08-17T15:38:16.881Z] > git config --get commit.template [4ms]
[2022-08-17T15:38:22.032Z] > git status -z -uall [139ms]
[2022-08-17T15:38:22.041Z] > git symbolic-ref --short HEAD [1ms]
[2022-08-17T15:38:22.053Z] > git for-each-ref --format=%(refname)%00%(upstream:short)%00%(objectname)%00%(upstream:track)%00%(upstream:remotename)%00%(upstream:remoteref) refs/heads/main refs/remotes/main [3ms]
[2022-08-17T15:38:22.071Z] > git remote --verbose [4ms]
[2022-08-17T15:38:22.072Z] > git for-each-ref --sort -committerdate --format %(refname) %(objectname) %(*objectname) [12ms]
[2022-08-17T15:38:22.092Z] > git config --get commit.template [5ms]
[2022-08-17T15:38:27.233Z] > git status -z -uall [131ms]
[2022-08-17T15:38:27.243Z] > git symbolic-ref --short HEAD [1ms]
[2022-08-17T15:38:27.253Z] > git for-each-ref --format=%(refname)%00%(upstream:short)%00%(objectname)%00%(upstream:track)%00%(upstream:remotename)%00%(upstream:remoteref) refs/heads/main refs/remotes/main [2ms]
[2022-08-17T15:38:27.270Z] > git for-each-ref --sort -committerdate --format %(refname) %(objectname) %(*objectname) [10ms]
[2022-08-17T15:38:27.272Z] > git remote --verbose [4ms]
[2022-08-17T15:38:27.291Z] > git config --get commit.template [6ms]
[2022-08-17T15:38:32.429Z] > git status -z -uall [127ms]
[2022-08-17T15:38:32.444Z] > git symbolic-ref --short HEAD [4ms]
[2022-08-17T15:38:32.454Z] > git for-each-ref --format=%(refname)%00%(upstream:short)%00%(objectname)%00%(upstream:track)%00%(upstream:remotename)%00%(upstream:remoteref) refs/heads/main refs/remotes/main [2ms]
[2022-08-17T15:38:32.471Z] > git remote --verbose [4ms]
[2022-08-17T15:38:32.471Z] > git for-each-ref --sort -committerdate --format %(refname) %(objectname) %(*objectname) [10ms]
[2022-08-17T15:38:32.487Z] > git config --get commit.template [5ms]
[2022-08-17T15:38:37.622Z] > git status -z -uall [124ms]
[2022-08-17T15:38:37.630Z] > git symbolic-ref --short HEAD [1ms]
[2022-08-17T15:38:37.643Z] > git for-each-ref --format=%(refname)%00%(upstream:short)%00%(objectname)%00%(upstream:track)%00%(upstream:remotename)%00%(upstream:remoteref) refs/heads/main refs/remotes/main [4ms]
[2022-08-17T15:38:37.661Z] > git for-each-ref --sort -committerdate --format %(refname) %(objectname) %(*objectname) [12ms]
[2022-08-17T15:38:37.662Z] > git remote --verbose [3ms]
[2022-08-17T15:38:37.682Z] > git config --get commit.template [2ms]
[2022-08-17T15:38:55.061Z] > git status -z -uall [81ms]
[2022-08-17T15:38:55.067Z] > git symbolic-ref --short HEAD [1ms]
[2022-08-17T15:38:55.074Z] > git for-each-ref --format=%(refname)%00%(upstream:short)%00%(objectname)%00%(upstream:track)%00%(upstream:remotename)%00%(upstream:remoteref) refs/heads/main refs/remotes/main [1ms]
[2022-08-17T15:38:55.085Z] > git for-each-ref --sort -committerdate --format %(refname) %(objectname) %(*objectname) [7ms]
[2022-08-17T15:38:55.087Z] > git remote --verbose [3ms]
[2022-08-17T15:38:55.096Z] > git config --get commit.template [2ms]
[2022-08-17T15:39:00.160Z] > git status -z -uall [58ms]
[2022-08-17T15:39:00.166Z] > git symbolic-ref --short HEAD [1ms]
[2022-08-17T15:39:00.173Z] > git for-each-ref --format=%(refname)%00%(upstream:short)%00%(objectname)%00%(upstream:track)%00%(upstream:remotename)%00%(upstream:remoteref) refs/heads/main refs/remotes/main [1ms]
[2022-08-17T15:39:00.182Z] > git for-each-ref --sort -committerdate --format %(refname) %(objectname) %(*objectname) [4ms]
[2022-08-17T15:39:00.182Z] > git remote --verbose [1ms]
[2022-08-17T15:39:00.190Z] > git config --get commit.template [1ms]
[2022-08-17T15:39:01.176Z] > git check-ignore -v -z --stdin [7ms]
[2022-08-17T15:39:03.747Z] > git check-ignore -v -z --stdin [5ms]
[2022-08-17T15:39:06.060Z] > git status -z -uall [63ms]
[2022-08-17T15:39:06.065Z] > git symbolic-ref --short HEAD [1ms]
[2022-08-17T15:39:06.073Z] > git for-each-ref --format=%(refname)%00%(upstream:short)%00%(objectname)%00%(upstream:track)%00%(upstream:remotename)%00%(upstream:remoteref) refs/heads/main refs/remotes/main [1ms]
[2022-08-17T15:39:06.083Z] > git for-each-ref --sort -committerdate --format %(refname) %(objectname) %(*objectname) [6ms]
[2022-08-17T15:39:06.083Z] > git remote --verbose [2ms]
[2022-08-17T15:39:06.093Z] > git config --get commit.template [2ms]
[2022-08-17T15:39:07.295Z] > git show --textconv :PersonalProjects}/index.html [26ms]
[2022-08-17T15:39:07.296Z] > git ls-files --stage -- /home/elian/PersonalProjects}/index.html [20ms]
[2022-08-17T15:39:07.304Z] > git cat-file -s e69de29bb2d1d6434b8b29ae775ad8c2e48c5391 [3ms]
[2022-08-17T15:39:11.167Z] > git status -z -uall [67ms]
[2022-08-17T15:39:11.173Z] > git symbolic-ref --short HEAD [1ms]
[2022-08-17T15:39:11.179Z] > git for-each-ref --format=%(refname)%00%(upstream:short)%00%(objectname)%00%(upstream:track)%00%(upstream:remotename)%00%(upstream:remoteref) refs/heads/main refs/remotes/main [1ms]
[2022-08-17T15:39:11.187Z] > git for-each-ref --sort -committerdate --format %(refname) %(objectname) %(*objectname) [4ms]
[2022-08-17T15:39:11.188Z] > git remote --verbose [2ms]
[2022-08-17T15:39:11.195Z] > git config --get commit.template [1ms]
[2022-08-17T15:39:12.566Z] > git show --textconv :personalProjects/personalPJ/proyectoDCP/index.html [8ms]
[2022-08-17T15:39:12.572Z] > git ls-files --stage -- /home/elian/personalProjects/personalPJ/proyectoDCP/index.html [6ms]
[2022-08-17T15:39:12.582Z] > git cat-file -s 845f64eaec25e6c17628e8850c790b3162302cd8 [1ms]
[2022-08-17T15:39:12.820Z] > git check-ignore -v -z --stdin [5ms]
[2022-08-17T15:39:44.023Z] > git status -z -uall [97ms]
[2022-08-17T15:39:44.032Z] > git symbolic-ref --short HEAD [1ms]
[2022-08-17T15:39:44.044Z] > git for-each-ref --format=%(refname)%00%(upstream:short)%00%(objectname)%00%(upstream:track)%00%(upstream:remotename)%00%(upstream:remoteref) refs/heads/main refs/remotes/main [7ms]
[2022-08-17T15:39:44.062Z] > git for-each-ref --sort -committerdate --format %(refname) %(objectname) %(*objectname) [10ms]
[2022-08-17T15:39:44.063Z] > git remote --verbose [4ms]
[2022-08-17T15:39:44.076Z] > git config --get commit.template [3ms]
[2022-08-17T15:39:49.773Z] > git status -z -uall [101ms]
[2022-08-17T15:39:49.785Z] > git symbolic-ref --short HEAD [2ms]
[2022-08-17T15:39:49.794Z] > git for-each-ref --format=%(refname)%00%(upstream:short)%00%(objectname)%00%(upstream:track)%00%(upstream:remotename)%00%(upstream:remoteref) refs/heads/main refs/remotes/main [3ms]
[2022-08-17T15:39:49.807Z] > git for-each-ref --sort -committerdate --format %(refname) %(objectname) %(*objectname) [6ms]
[2022-08-17T15:39:49.808Z] > git remote --verbose [2ms]
[2022-08-17T15:39:49.821Z] > git config --get commit.template [1ms]
[2022-08-17T15:40:32.277Z] > git status -z -uall [122ms]
[2022-08-17T15:40:32.285Z] > git symbolic-ref --short HEAD [1ms]
[2022-08-17T15:40:32.293Z] > git for-each-ref --format=%(refname)%00%(upstream:short)%00%(objectname)%00%(upstream:track)%00%(upstream:remotename)%00%(upstream:remoteref) refs/heads/main refs/remotes/main [2ms]
[2022-08-17T15:40:32.309Z] > git remote --verbose [2ms]
[2022-08-17T15:40:32.309Z] > git for-each-ref --sort -committerdate --format %(refname) %(objectname) %(*objectname) [7ms]
[2022-08-17T15:40:32.323Z] > git config --get commit.template [1ms]
[2022-08-17T15:40:37.468Z] > git status -z -uall [133ms]
[2022-08-17T15:40:37.477Z] > git symbolic-ref --short HEAD [1ms]
[2022-08-17T15:40:37.486Z] > git for-each-ref --format=%(refname)%00%(upstream:short)%00%(objectname)%00%(upstream:track)%00%(upstream:remotename)%00%(upstream:remoteref) refs/heads/main refs/remotes/main [1ms]
[2022-08-17T15:40:37.502Z] > git remote --verbose [2ms]
[2022-08-17T15:40:37.502Z] > git for-each-ref --sort -committerdate --format %(refname) %(objectname) %(*objectname) [9ms]
[2022-08-17T15:40:37.519Z] > git config --get commit.template [4ms]
[2022-08-17T15:40:42.622Z] > git status -z -uall [95ms]
[2022-08-17T15:40:42.631Z] > git symbolic-ref --short HEAD [2ms]
[2022-08-17T15:40:42.640Z] > git for-each-ref --format=%(refname)%00%(upstream:short)%00%(objectname)%00%(upstream:track)%00%(upstream:remotename)%00%(upstream:remoteref) refs/heads/main refs/remotes/main [2ms]
[2022-08-17T15:40:42.653Z] > git remote --verbose [1ms]
[2022-08-17T15:40:42.654Z] > git for-each-ref --sort -committerdate --format %(refname) %(objectname) %(*objectname) [9ms]
[2022-08-17T15:40:42.665Z] > git config --get commit.template [3ms]
[2022-08-17T15:40:47.809Z] > git status -z -uall [134ms]
[2022-08-17T15:40:47.820Z] > git symbolic-ref --short HEAD [2ms]
[2022-08-17T15:40:47.830Z] > git for-each-ref --format=%(refname)%00%(upstream:short)%00%(objectname)%00%(upstream:track)%00%(upstream:remotename)%00%(upstream:remoteref) refs/heads/main refs/remotes/main [3ms]
[2022-08-17T15:40:47.845Z] > git for-each-ref --sort -committerdate --format %(refname) %(objectname) %(*objectname) [7ms]
[2022-08-17T15:40:47.846Z] > git remote --verbose [2ms]
[2022-08-17T15:40:47.862Z] > git config --get commit.template [4ms]
[2022-08-17T15:40:52.963Z] > git status -z -uall [89ms]
[2022-08-17T15:40:52.969Z] > git symbolic-ref --short HEAD [1ms]
[2022-08-17T15:40:52.978Z] > git for-each-ref --format=%(refname)%00%(upstream:short)%00%(objectname)%00%(upstream:track)%00%(upstream:remotename)%00%(upstream:remoteref) refs/heads/main refs/remotes/main [3ms]
[2022-08-17T15:40:52.993Z] > git for-each-ref --sort -committerdate --format %(refname) %(objectname) %(*objectname) [8ms]
[2022-08-17T15:40:52.994Z] > git remote --verbose [3ms]
[2022-08-17T15:40:53.007Z] > git config --get commit.template [2ms]
[2022-08-17T15:40:58.150Z] > git status -z -uall [131ms]
[2022-08-17T15:40:58.161Z] > git symbolic-ref --short HEAD [3ms]
[2022-08-17T15:40:58.171Z] > git for-each-ref --format=%(refname)%00%(upstream:short)%00%(objectname)%00%(upstream:track)%00%(upstream:remotename)%00%(upstream:remoteref) refs/heads/main refs/remotes/main [2ms]
[2022-08-17T15:40:58.201Z] > git remote --verbose [7ms]
[2022-08-17T15:40:58.202Z] > git for-each-ref --sort -committerdate --format %(refname) %(objectname) %(*objectname) [22ms]
[2022-08-17T15:40:58.218Z] > git config --get commit.template [3ms]
[2022-08-17T15:41:03.354Z] > git status -z -uall [125ms]
[2022-08-17T15:41:03.366Z] > git symbolic-ref --short HEAD [3ms]
[2022-08-17T15:41:03.378Z] > git for-each-ref --format=%(refname)%00%(upstream:short)%00%(objectname)%00%(upstream:track)%00%(upstream:remotename)%00%(upstream:remoteref) refs/heads/main refs/remotes/main [3ms]
[2022-08-17T15:41:03.395Z] > git for-each-ref --sort -committerdate --format %(refname) %(objectname) %(*objectname) [9ms]
[2022-08-17T15:41:03.396Z] > git remote --verbose [3ms]
[2022-08-17T15:41:03.413Z] > git config --get commit.template [3ms]
[2022-08-17T15:41:08.560Z] > git status -z -uall [135ms]
[2022-08-17T15:41:08.571Z] > git symbolic-ref --short HEAD [3ms]
[2022-08-17T15:41:08.582Z] > git for-each-ref --format=%(refname)%00%(upstream:short)%00%(objectname)%00%(upstream:track)%00%(upstream:remotename)%00%(upstream:remoteref) refs/heads/main refs/remotes/main [3ms]
[2022-08-17T15:41:08.599Z] > git for-each-ref --sort -committerdate --format %(refname) %(objectname) %(*objectname) [10ms]
[2022-08-17T15:41:08.600Z] > git remote --verbose [3ms]
[2022-08-17T15:41:08.617Z] > git config --get commit.template [5ms]
[2022-08-17T15:41:15.225Z] > git status -z -uall [104ms]
[2022-08-17T15:41:15.234Z] > git symbolic-ref --short HEAD [2ms]
[2022-08-17T15:41:15.243Z] > git for-each-ref --format=%(refname)%00%(upstream:short)%00%(objectname)%00%(upstream:track)%00%(upstream:remotename)%00%(upstream:remoteref) refs/heads/main refs/remotes/main [2ms]
[2022-08-17T15:41:15.259Z] > git remote --verbose [2ms]
[2022-08-17T15:41:15.259Z] > git for-each-ref --sort -committerdate --format %(refname) %(objectname) %(*objectname) [8ms]
[2022-08-17T15:41:15.271Z] > git config --get commit.template [1ms]
[2022-08-17T15:41:17.628Z] > git check-ignore -v -z --stdin [19ms]
[2022-08-17T15:41:20.407Z] > git status -z -uall [125ms]
[2022-08-17T15:41:20.417Z] > git symbolic-ref --short HEAD [3ms]
[2022-08-17T15:41:20.428Z] > git for-each-ref --format=%(refname)%00%(upstream:short)%00%(objectname)%00%(upstream:track)%00%(upstream:remotename)%00%(upstream:remoteref) refs/heads/main refs/remotes/main [2ms]
[2022-08-17T15:41:20.446Z] > git remote --verbose [2ms]
[2022-08-17T15:41:20.446Z] > git for-each-ref --sort -committerdate --format %(refname) %(objectname) %(*objectname) [9ms]
[2022-08-17T15:41:20.464Z] > git config --get commit.template [4ms]
[2022-08-17T15:41:25.630Z] > git status -z -uall [154ms]
[2022-08-17T15:41:25.643Z] > git symbolic-ref --short HEAD [2ms]
[2022-08-17T15:41:25.656Z] > git for-each-ref --format=%(refname)%00%(upstream:short)%00%(objectname)%00%(upstream:track)%00%(upstream:remotename)%00%(upstream:remoteref) refs/heads/main refs/remotes/main [3ms]
[2022-08-17T15:41:25.675Z] > git for-each-ref --sort -committerdate --format %(refname) %(objectname) %(*objectname) [10ms]
[2022-08-17T15:41:25.676Z] > git remote --verbose [3ms]
[2022-08-17T15:41:25.691Z] > git config --get commit.template [2ms]
[2022-08-17T15:41:30.799Z] > git status -z -uall [98ms]
[2022-08-17T15:41:30.809Z] > git symbolic-ref --short HEAD [2ms]
[2022-08-17T15:41:30.820Z] > git for-each-ref --format=%(refname)%00%(upstream:short)%00%(objectname)%00%(upstream:track)%00%(upstream:remotename)%00%(upstream:remoteref) refs/heads/main refs/remotes/main [3ms]
[2022-08-17T15:41:30.836Z] > git remote --verbose [1ms]
[2022-08-17T15:41:30.837Z] > git for-each-ref --sort -committerdate --format %(refname) %(objectname) %(*objectname) [11ms]
[2022-08-17T15:41:30.856Z] > git config --get commit.template [4ms]
